<?xml version="1.0" encoding="utf-8" standalone="yes"?>
<CoverageSession xmlns:xsd="http://www.w3.org/2001/XMLSchema" xmlns:xsi="http://www.w3.org/2001/XMLSchema-instance">
  <Summary numSequencePoints="2202" visitedSequencePoints="886" numBranchPoints="919" visitedBranchPoints="128" sequenceCoverage="40.24" branchCoverage="13.93" maxCyclomaticComplexity="68" minCyclomaticComplexity="1" visitedClasses="14" numClasses="29" visitedMethods="75" numMethods="274" minCrapScore="1" maxCrapScore="4692" />
  <Modules>
    <Module hash="15-86-1C-3F-AA-1C-1F-E2-A6-C8-F9-78-41-B1-24-55-8B-BB-C4-CF">
      <Summary numSequencePoints="1665" visitedSequencePoints="361" numBranchPoints="877" visitedBranchPoints="125" sequenceCoverage="21.68" branchCoverage="14.25" maxCyclomaticComplexity="68" minCyclomaticComplexity="1" visitedClasses="11" numClasses="23" visitedMethods="39" numMethods="234" minCrapScore="1" maxCrapScore="4692" />
      <ModulePath>Z:\Dropbox\prog\Onyx\OnyxTest\bin\Debug\net8.0\Onyx.dll</ModulePath>
      <ModuleTime>2025-09-15T01:56:19.992479Z</ModuleTime>
      <ModuleName>Onyx</ModuleName>
      <Files>
        <File uid="1" fullPath="Z:\Dropbox\prog\Onyx\Onyx\Html\HtmlEntities.cs" />
        <File uid="2" fullPath="Z:\Dropbox\prog\Onyx\Onyx\Html\Parsing\HtmlLexer.cs" />
        <File uid="3" fullPath="Z:\Dropbox\prog\Onyx\Onyx\Html\Parsing\HtmlParser.cs" />
        <File uid="4" fullPath="Z:\Dropbox\prog\Onyx\Onyx\Html\Parsing\HtmlToken.cs" />
        <File uid="5" fullPath="Z:\Dropbox\prog\Onyx\Onyx\Html\Dom\Attr.cs" />
        <File uid="6" fullPath="Z:\Dropbox\prog\Onyx\Onyx\Html\Dom\CommentNode.cs" />
        <File uid="7" fullPath="Z:\Dropbox\prog\Onyx\Onyx\Html\Dom\ContainerNode.cs" />
        <File uid="8" fullPath="Z:\Dropbox\prog\Onyx\Onyx\Html\Dom\Document.cs" />
        <File uid="9" fullPath="Z:\Dropbox\prog\Onyx\Onyx\Html\Dom\DocumentFragment.cs" />
        <File uid="10" fullPath="Z:\Dropbox\prog\Onyx\Onyx\Html\Dom\Element.cs" />
        <File uid="11" fullPath="Z:\Dropbox\prog\Onyx\Onyx\Html\Dom\NamedNodeMap.cs" />
        <File uid="12" fullPath="Z:\Dropbox\prog\Onyx\Onyx\Html\Dom\Node.cs" />
        <File uid="13" fullPath="Z:\Dropbox\prog\Onyx\Onyx\Html\Dom\NodeList.cs" />
        <File uid="14" fullPath="Z:\Dropbox\prog\Onyx\Onyx\Html\Dom\TextNode.cs" />
        <File uid="15" fullPath="Z:\Dropbox\prog\Onyx\Onyx\Extensions\StringExtensions.cs" />
        <File uid="16" fullPath="Z:\Dropbox\prog\Onyx\Onyx\Css\Parsing\CssLexer.cs" />
        <File uid="17" fullPath="Z:\Dropbox\prog\Onyx\Onyx\Html\Dom\HierarchyException.cs" />
        <File uid="18" fullPath="Z:\Dropbox\prog\Onyx\Onyx\Css\Parsing\CssToken.cs" />
      </Files>
      <Classes>
        <Class>
          <Summary numSequencePoints="107" visitedSequencePoints="34" numBranchPoints="51" visitedBranchPoints="10" sequenceCoverage="31.78" branchCoverage="19.61" maxCyclomaticComplexity="23" minCyclomaticComplexity="1" visitedClasses="1" numClasses="1" visitedMethods="3" numMethods="7" minCrapScore="1" maxCrapScore="255.22" />
          <FullName>Onyx.Html.HtmlEntities</FullName>
          <Methods>
            <Method visited="false" cyclomaticComplexity="1" nPathComplexity="0" sequenceCoverage="0" branchCoverage="0" isConstructor="false" isStatic="true" isGetter="true" isSetter="false" crapScore="2">
              <Summary numSequencePoints="1" visitedSequencePoints="0" numBranchPoints="1" visitedBranchPoints="0" sequenceCoverage="0" branchCoverage="0" maxCyclomaticComplexity="1" minCyclomaticComplexity="1" visitedClasses="0" numClasses="0" visitedMethods="0" numMethods="1" minCrapScore="2" maxCrapScore="2" />
              <MetadataToken>100663299</MetadataToken>
              <Name>System.Collections.Generic.IReadOnlyList`1&lt;System.ValueTuple`2&lt;System.String,System.Int32&gt;&gt; Onyx.Html.HtmlEntities::get_Entities()</Name>
              <FileRef uid="1" />
              <SequencePoints>
                <SequencePoint vc="0" uspid="0" ordinal="0" offset="0" sl="21" sc="58" el="21" ec="67" bec="0" bev="0" fileid="1" />
              </SequencePoints>
              <BranchPoints />
              <MethodPoint xsi:type="SequencePoint" vc="0" uspid="0" ordinal="0" offset="0" sl="21" sc="58" el="21" ec="67" bec="0" bev="0" fileid="1" />
            </Method>
            <Method visited="true" cyclomaticComplexity="2" nPathComplexity="2" sequenceCoverage="100" branchCoverage="100" isConstructor="true" isStatic="true" isGetter="false" isSetter="false" crapScore="2">
              <Summary numSequencePoints="17" visitedSequencePoints="17" numBranchPoints="3" visitedBranchPoints="3" sequenceCoverage="100" branchCoverage="100" maxCyclomaticComplexity="2" minCyclomaticComplexity="2" visitedClasses="0" numClasses="0" visitedMethods="1" numMethods="1" minCrapScore="2" maxCrapScore="2" />
              <MetadataToken>100663300</MetadataToken>
              <Name>System.Void Onyx.Html.HtmlEntities::.cctor()</Name>
              <FileRef uid="1" />
              <SequencePoints>
                <SequencePoint vc="1" uspid="17" ordinal="0" offset="0" sl="28" sc="3" el="28" ec="64" bec="0" bev="0" fileid="1" />
                <SequencePoint vc="1" uspid="16" ordinal="1" offset="15" sl="209" sc="3" el="476" ec="5" bec="0" bev="0" fileid="1" />
                <SequencePoint vc="1" uspid="15" ordinal="2" offset="6177" sl="34" sc="3" el="34" ec="4" bec="0" bev="0" fileid="1" />
                <SequencePoint vc="1" uspid="14" ordinal="3" offset="6178" sl="35" sc="4" el="35" ec="77" bec="0" bev="0" fileid="1" />
                <SequencePoint vc="1" uspid="13" ordinal="4" offset="6184" sl="36" sc="4" el="36" ec="77" bec="0" bev="0" fileid="1" />
                <SequencePoint vc="1" uspid="12" ordinal="5" offset="6190" sl="38" sc="4" el="38" ec="11" bec="0" bev="0" fileid="1" />
                <SequencePoint vc="1" uspid="11" ordinal="6" offset="6191" sl="38" sc="41" el="38" ec="50" bec="0" bev="0" fileid="1" />
                <SequencePoint vc="1" uspid="10" ordinal="7" offset="6201" sl="38" sc="13" el="38" ec="37" bec="0" bev="0" fileid="1" />
                <SequencePoint vc="1" uspid="9" ordinal="8" offset="6223" sl="39" sc="4" el="39" ec="5" bec="0" bev="0" fileid="1" />
                <SequencePoint vc="1" uspid="8" ordinal="9" offset="6224" sl="40" sc="5" el="40" ec="36" bec="0" bev="0" fileid="1" />
                <SequencePoint vc="1" uspid="7" ordinal="10" offset="6235" sl="41" sc="5" el="41" ec="36" bec="0" bev="0" fileid="1" />
                <SequencePoint vc="1" uspid="6" ordinal="11" offset="6246" sl="42" sc="5" el="42" ec="61" bec="0" bev="0" fileid="1" />
                <SequencePoint vc="1" uspid="5" ordinal="12" offset="6276" sl="43" sc="4" el="43" ec="5" bec="0" bev="0" fileid="1" />
                <SequencePoint vc="1" uspid="4" ordinal="13" offset="6281" sl="38" sc="38" el="38" ec="40" bec="2" bev="2" fileid="1" />
                <SequencePoint vc="1" uspid="3" ordinal="14" offset="6287" sl="45" sc="4" el="45" ec="40" bec="0" bev="0" fileid="1" />
                <SequencePoint vc="1" uspid="2" ordinal="15" offset="6293" sl="46" sc="4" el="46" ec="40" bec="0" bev="0" fileid="1" />
                <SequencePoint vc="1" uspid="1" ordinal="16" offset="6299" sl="47" sc="3" el="47" ec="4" bec="0" bev="0" fileid="1" />
              </SequencePoints>
              <BranchPoints>
                <BranchPoint vc="1" uspid="0" ordinal="0" offset="6285" sl="38" path="0" offsetend="6287" fileid="1" />
                <BranchPoint vc="1" uspid="1" ordinal="1" offset="6285" sl="38" path="1" offsetend="6201" fileid="1" />
              </BranchPoints>
              <MethodPoint xsi:type="SequencePoint" vc="1" uspid="17" ordinal="0" offset="0" sl="28" sc="3" el="28" ec="64" bec="0" bev="0" fileid="1" />
            </Method>
            <Method visited="false" cyclomaticComplexity="1" nPathComplexity="0" sequenceCoverage="0" branchCoverage="0" isConstructor="false" isStatic="true" isGetter="false" isSetter="false" crapScore="2">
              <Summary numSequencePoints="5" visitedSequencePoints="0" numBranchPoints="1" visitedBranchPoints="0" sequenceCoverage="0" branchCoverage="0" maxCyclomaticComplexity="1" minCyclomaticComplexity="1" visitedClasses="0" numClasses="0" visitedMethods="0" numMethods="1" minCrapScore="2" maxCrapScore="2" />
              <MetadataToken>100663301</MetadataToken>
              <Name>System.String Onyx.Html.HtmlEntities::Escape(System.ReadOnlySpan`1&lt;System.Char&gt;,System.Boolean,System.Boolean)</Name>
              <FileRef uid="1" />
              <SequencePoints>
                <SequencePoint vc="0" uspid="22" ordinal="0" offset="0" sl="57" sc="3" el="57" ec="4" bec="0" bev="0" fileid="1" />
                <SequencePoint vc="0" uspid="21" ordinal="1" offset="1" sl="58" sc="4" el="58" ec="54" bec="0" bev="0" fileid="1" />
                <SequencePoint vc="0" uspid="20" ordinal="2" offset="7" sl="59" sc="4" el="59" ec="59" bec="0" bev="0" fileid="1" />
                <SequencePoint vc="0" uspid="19" ordinal="3" offset="17" sl="60" sc="4" el="60" ec="36" bec="0" bev="0" fileid="1" />
                <SequencePoint vc="0" uspid="18" ordinal="4" offset="26" sl="61" sc="3" el="61" ec="4" bec="0" bev="0" fileid="1" />
              </SequencePoints>
              <BranchPoints />
              <MethodPoint xsi:type="SequencePoint" vc="0" uspid="22" ordinal="0" offset="0" sl="57" sc="3" el="57" ec="4" bec="0" bev="0" fileid="1" />
            </Method>
            <Method visited="false" cyclomaticComplexity="13" nPathComplexity="32" sequenceCoverage="0" branchCoverage="0" isConstructor="false" isStatic="true" isGetter="false" isSetter="false" crapScore="182">
              <Summary numSequencePoints="28" visitedSequencePoints="0" numBranchPoints="11" visitedBranchPoints="0" sequenceCoverage="0" branchCoverage="0" maxCyclomaticComplexity="13" minCyclomaticComplexity="13" visitedClasses="0" numClasses="0" visitedMethods="0" numMethods="1" minCrapScore="182" maxCrapScore="182" />
              <MetadataToken>100663302</MetadataToken>
              <Name>System.Void Onyx.Html.HtmlEntities::EscapeTo(System.ReadOnlySpan`1&lt;System.Char&gt;,System.Text.StringBuilder,System.Boolean,System.Boolean)</Name>
              <FileRef uid="1" />
              <SequencePoints>
                <SequencePoint vc="0" uspid="50" ordinal="0" offset="0" sl="72" sc="3" el="72" ec="4" bec="0" bev="0" fileid="1" />
                <SequencePoint vc="0" uspid="49" ordinal="1" offset="1" sl="73" sc="4" el="73" ec="36" bec="0" bev="0" fileid="1" />
                <SequencePoint vc="0" uspid="48" ordinal="2" offset="10" sl="74" sc="4" el="74" ec="41" bec="0" bev="0" fileid="1" />
                <SequencePoint vc="0" uspid="47" ordinal="3" offset="23" sl="76" sc="9" el="76" ec="18" bec="0" bev="0" fileid="1" />
                <SequencePoint vc="0" uspid="46" ordinal="4" offset="30" sl="77" sc="4" el="77" ec="5" bec="0" bev="0" fileid="1" />
                <SequencePoint vc="0" uspid="45" ordinal="5" offset="31" sl="79" sc="5" el="79" ec="19" bec="0" bev="0" fileid="1" />
                <SequencePoint vc="0" uspid="44" ordinal="6" offset="33" sl="80" sc="5" el="80" ec="20" bec="0" bev="0" fileid="1" />
                <SequencePoint vc="0" uspid="43" ordinal="7" offset="38" sl="82" sc="6" el="82" ec="10" bec="0" bev="0" fileid="1" />
                <SequencePoint vc="0" uspid="42" ordinal="8" offset="42" sl="81" sc="5" el="81" ec="87" bec="2" bev="0" fileid="1" />
                <SequencePoint vc="0" uspid="41" ordinal="9" offset="91" sl="83" sc="5" el="83" ec="19" bec="2" bev="0" fileid="1" />
                <SequencePoint vc="0" uspid="40" ordinal="10" offset="101" sl="84" sc="6" el="84" ec="57" bec="0" bev="0" fileid="1" />
                <SequencePoint vc="0" uspid="39" ordinal="11" offset="119" sl="87" sc="5" el="87" ec="26" bec="2" bev="0" fileid="1" />
                <SequencePoint vc="0" uspid="38" ordinal="12" offset="138" sl="88" sc="6" el="88" ec="12" bec="0" bev="0" fileid="1" />
                <SequencePoint vc="0" uspid="37" ordinal="13" offset="140" sl="92" sc="5" el="92" ec="60" bec="2" bev="0" fileid="1" />
                <SequencePoint vc="0" uspid="36" ordinal="14" offset="160" sl="93" sc="5" el="93" ec="6" bec="0" bev="0" fileid="1" />
                <SequencePoint vc="0" uspid="35" ordinal="15" offset="161" sl="94" sc="6" el="94" ec="32" bec="0" bev="0" fileid="1" />
                <SequencePoint vc="0" uspid="34" ordinal="16" offset="170" sl="95" sc="6" el="95" ec="33" bec="0" bev="0" fileid="1" />
                <SequencePoint vc="0" uspid="33" ordinal="17" offset="179" sl="96" sc="6" el="96" ec="32" bec="0" bev="0" fileid="1" />
                <SequencePoint vc="0" uspid="32" ordinal="18" offset="188" sl="97" sc="5" el="97" ec="6" bec="0" bev="0" fileid="1" />
                <SequencePoint vc="0" uspid="31" ordinal="19" offset="191" sl="99" sc="5" el="99" ec="6" bec="0" bev="0" fileid="1" />
                <SequencePoint vc="0" uspid="30" ordinal="20" offset="192" sl="100" sc="6" el="100" ec="33" bec="0" bev="0" fileid="1" />
                <SequencePoint vc="0" uspid="29" ordinal="21" offset="204" sl="101" sc="6" el="101" ec="36" bec="0" bev="0" fileid="1" />
                <SequencePoint vc="0" uspid="28" ordinal="22" offset="213" sl="102" sc="6" el="102" ec="32" bec="0" bev="0" fileid="1" />
                <SequencePoint vc="0" uspid="27" ordinal="23" offset="222" sl="103" sc="5" el="103" ec="6" bec="0" bev="0" fileid="1" />
                <SequencePoint vc="0" uspid="26" ordinal="24" offset="223" sl="106" sc="5" el="106" ec="9" bec="0" bev="0" fileid="1" />
                <SequencePoint vc="0" uspid="25" ordinal="25" offset="227" sl="107" sc="4" el="107" ec="5" bec="0" bev="0" fileid="1" />
                <SequencePoint vc="0" uspid="24" ordinal="26" offset="228" sl="76" sc="20" el="76" ec="35" bec="2" bev="0" fileid="1" />
                <SequencePoint vc="0" uspid="23" ordinal="27" offset="247" sl="108" sc="3" el="108" ec="4" bec="0" bev="0" fileid="1" />
              </SequencePoints>
              <BranchPoints>
                <BranchPoint vc="0" uspid="2" ordinal="0" offset="89" sl="81" path="0" offsetend="91" fileid="1" />
                <BranchPoint vc="0" uspid="3" ordinal="1" offset="89" sl="81" path="1" offsetend="38" fileid="1" />
                <BranchPoint vc="0" uspid="4" ordinal="2" offset="99" sl="83" path="0" offsetend="101" fileid="1" />
                <BranchPoint vc="0" uspid="5" ordinal="3" offset="99" sl="83" path="1" offsetend="119" fileid="1" />
                <BranchPoint vc="0" uspid="6" ordinal="4" offset="136" sl="87" path="0" offsetchain="138" offsetend="247" fileid="1" />
                <BranchPoint vc="0" uspid="7" ordinal="5" offset="136" sl="87" path="1" offsetend="140" fileid="1" />
                <BranchPoint vc="0" uspid="8" ordinal="6" offset="158" sl="92" path="0" offsetend="160" fileid="1" />
                <BranchPoint vc="0" uspid="9" ordinal="7" offset="158" sl="92" path="1" offsetend="191" fileid="1" />
                <BranchPoint vc="0" uspid="10" ordinal="8" offset="242" sl="76" path="0" offsetend="247" fileid="1" />
                <BranchPoint vc="0" uspid="11" ordinal="9" offset="242" sl="76" path="1" offsetchain="30" offsetend="42" fileid="1" />
              </BranchPoints>
              <MethodPoint xsi:type="SequencePoint" vc="0" uspid="50" ordinal="0" offset="0" sl="72" sc="3" el="72" ec="4" bec="0" bev="0" fileid="1" />
            </Method>
            <Method visited="false" cyclomaticComplexity="2" nPathComplexity="2" sequenceCoverage="0" branchCoverage="0" isConstructor="false" isStatic="true" isGetter="false" isSetter="false" crapScore="6">
              <Summary numSequencePoints="1" visitedSequencePoints="0" numBranchPoints="3" visitedBranchPoints="0" sequenceCoverage="0" branchCoverage="0" maxCyclomaticComplexity="2" minCyclomaticComplexity="2" visitedClasses="0" numClasses="0" visitedMethods="0" numMethods="1" minCrapScore="6" maxCrapScore="6" />
              <MetadataToken>100663303</MetadataToken>
              <Name>System.Boolean Onyx.Html.HtmlEntities::IsKnownEntity(System.Char)</Name>
              <FileRef uid="1" />
              <SequencePoints>
                <SequencePoint vc="0" uspid="51" ordinal="0" offset="0" sl="118" sc="7" el="118" ec="68" bec="2" bev="0" fileid="1" />
              </SequencePoints>
              <BranchPoints>
                <BranchPoint vc="0" uspid="12" ordinal="0" offset="6" sl="118" path="0" offsetchain="8" offsetend="33" fileid="1" />
                <BranchPoint vc="0" uspid="13" ordinal="1" offset="6" sl="118" path="1" offsetend="32" fileid="1" />
              </BranchPoints>
              <MethodPoint xsi:type="SequencePoint" vc="0" uspid="51" ordinal="0" offset="0" sl="118" sc="7" el="118" ec="68" bec="2" bev="0" fileid="1" />
            </Method>
            <Method visited="true" cyclomaticComplexity="1" nPathComplexity="0" sequenceCoverage="100" branchCoverage="0" isConstructor="false" isStatic="true" isGetter="false" isSetter="false" crapScore="1">
              <Summary numSequencePoints="5" visitedSequencePoints="5" numBranchPoints="1" visitedBranchPoints="0" sequenceCoverage="100" branchCoverage="0" maxCyclomaticComplexity="1" minCyclomaticComplexity="1" visitedClasses="0" numClasses="0" visitedMethods="1" numMethods="1" minCrapScore="1" maxCrapScore="1" />
              <MetadataToken>100663304</MetadataToken>
              <Name>System.String Onyx.Html.HtmlEntities::Unescape(System.ReadOnlySpan`1&lt;System.Char&gt;)</Name>
              <FileRef uid="1" />
              <SequencePoints>
                <SequencePoint vc="1" uspid="56" ordinal="0" offset="0" sl="129" sc="3" el="129" ec="4" bec="0" bev="0" fileid="1" />
                <SequencePoint vc="1" uspid="55" ordinal="1" offset="1" sl="130" sc="4" el="130" ec="54" bec="0" bev="0" fileid="1" />
                <SequencePoint vc="1" uspid="54" ordinal="2" offset="7" sl="131" sc="4" el="131" ec="36" bec="0" bev="0" fileid="1" />
                <SequencePoint vc="1" uspid="53" ordinal="3" offset="15" sl="132" sc="4" el="132" ec="36" bec="0" bev="0" fileid="1" />
                <SequencePoint vc="1" uspid="52" ordinal="4" offset="24" sl="133" sc="3" el="133" ec="4" bec="0" bev="0" fileid="1" />
              </SequencePoints>
              <BranchPoints />
              <MethodPoint xsi:type="SequencePoint" vc="1" uspid="56" ordinal="0" offset="0" sl="129" sc="3" el="129" ec="4" bec="0" bev="0" fileid="1" />
            </Method>
            <Method visited="true" cyclomaticComplexity="23" nPathComplexity="32768" sequenceCoverage="24" branchCoverage="22.58" isConstructor="false" isStatic="true" isGetter="false" isSetter="false" crapScore="255.22">
              <Summary numSequencePoints="50" visitedSequencePoints="12" numBranchPoints="31" visitedBranchPoints="7" sequenceCoverage="24" branchCoverage="22.58" maxCyclomaticComplexity="23" minCyclomaticComplexity="23" visitedClasses="0" numClasses="0" visitedMethods="1" numMethods="1" minCrapScore="255.22" maxCrapScore="255.22" />
              <MetadataToken>100663305</MetadataToken>
              <Name>System.Void Onyx.Html.HtmlEntities::UnescapeTo(System.ReadOnlySpan`1&lt;System.Char&gt;,System.Text.StringBuilder)</Name>
              <FileRef uid="1" />
              <SequencePoints>
                <SequencePoint vc="1" uspid="106" ordinal="0" offset="0" sl="144" sc="3" el="144" ec="4" bec="0" bev="0" fileid="1" />
                <SequencePoint vc="1" uspid="105" ordinal="1" offset="1" sl="145" sc="9" el="145" ec="18" bec="0" bev="0" fileid="1" />
                <SequencePoint vc="1" uspid="104" ordinal="2" offset="8" sl="146" sc="4" el="146" ec="5" bec="0" bev="0" fileid="1" />
                <SequencePoint vc="1" uspid="103" ordinal="3" offset="9" sl="148" sc="5" el="148" ec="19" bec="0" bev="0" fileid="1" />
                <SequencePoint vc="1" uspid="102" ordinal="4" offset="13" sl="150" sc="6" el="150" ec="10" bec="0" bev="0" fileid="1" />
                <SequencePoint vc="1" uspid="101" ordinal="5" offset="17" sl="149" sc="5" el="149" ec="46" bec="2" bev="2" fileid="1" />
                <SequencePoint vc="1" uspid="100" ordinal="6" offset="50" sl="151" sc="5" el="151" ec="19" bec="2" bev="1" fileid="1" />
                <SequencePoint vc="1" uspid="99" ordinal="7" offset="60" sl="152" sc="6" el="152" ec="57" bec="0" bev="0" fileid="1" />
                <SequencePoint vc="1" uspid="98" ordinal="8" offset="78" sl="155" sc="5" el="155" ec="26" bec="2" bev="1" fileid="1" />
                <SequencePoint vc="1" uspid="97" ordinal="9" offset="97" sl="156" sc="6" el="156" ec="12" bec="0" bev="0" fileid="1" />
                <SequencePoint vc="0" uspid="96" ordinal="10" offset="102" sl="158" sc="5" el="158" ec="17" bec="0" bev="0" fileid="1" />
                <SequencePoint vc="0" uspid="95" ordinal="11" offset="108" sl="160" sc="5" el="160" ec="21" bec="0" bev="0" fileid="1" />
                <SequencePoint vc="0" uspid="94" ordinal="12" offset="111" sl="161" sc="5" el="161" ec="25" bec="2" bev="0" fileid="1" />
                <SequencePoint vc="0" uspid="93" ordinal="13" offset="130" sl="162" sc="5" el="162" ec="6" bec="0" bev="0" fileid="1" />
                <SequencePoint vc="0" uspid="92" ordinal="14" offset="131" sl="163" sc="6" el="163" ec="25" bec="2" bev="0" fileid="1" />
                <SequencePoint vc="0" uspid="91" ordinal="15" offset="153" sl="164" sc="6" el="164" ec="7" bec="0" bev="0" fileid="1" />
                <SequencePoint vc="0" uspid="90" ordinal="16" offset="154" sl="166" sc="7" el="166" ec="11" bec="0" bev="0" fileid="1" />
                <SequencePoint vc="0" uspid="89" ordinal="17" offset="160" sl="170" sc="8" el="170" ec="12" bec="0" bev="0" fileid="1" />
                <SequencePoint vc="0" uspid="88" ordinal="18" offset="164" sl="169" sc="7" el="169" ec="68" bec="2" bev="0" fileid="1" />
                <SequencePoint vc="0" uspid="87" ordinal="19" offset="208" sl="171" sc="7" el="171" ec="47" bec="2" bev="0" fileid="1" />
                <SequencePoint vc="0" uspid="86" ordinal="20" offset="230" sl="172" sc="7" el="172" ec="8" bec="0" bev="0" fileid="1" />
                <SequencePoint vc="0" uspid="85" ordinal="21" offset="231" sl="173" sc="8" el="173" ec="67" bec="0" bev="0" fileid="1" />
                <SequencePoint vc="0" uspid="84" ordinal="22" offset="254" sl="174" sc="8" el="174" ec="42" bec="2" bev="0" fileid="1" />
                <SequencePoint vc="0" uspid="83" ordinal="23" offset="277" sl="175" sc="9" el="175" ec="20" bec="0" bev="0" fileid="1" />
                <SequencePoint vc="0" uspid="82" ordinal="24" offset="280" sl="176" sc="7" el="176" ec="8" bec="0" bev="0" fileid="1" />
                <SequencePoint vc="0" uspid="81" ordinal="25" offset="281" sl="177" sc="6" el="177" ec="7" bec="0" bev="0" fileid="1" />
                <SequencePoint vc="0" uspid="80" ordinal="26" offset="284" sl="179" sc="6" el="179" ec="7" bec="0" bev="0" fileid="1" />
                <SequencePoint vc="0" uspid="79" ordinal="27" offset="287" sl="182" sc="8" el="182" ec="12" bec="0" bev="0" fileid="1" />
                <SequencePoint vc="0" uspid="78" ordinal="28" offset="291" sl="181" sc="7" el="181" ec="63" bec="2" bev="0" fileid="1" />
                <SequencePoint vc="0" uspid="77" ordinal="29" offset="324" sl="183" sc="7" el="183" ec="25" bec="2" bev="0" fileid="1" />
                <SequencePoint vc="0" uspid="76" ordinal="30" offset="336" sl="184" sc="7" el="184" ec="8" bec="0" bev="0" fileid="1" />
                <SequencePoint vc="0" uspid="75" ordinal="31" offset="337" sl="185" sc="8" el="185" ec="74" bec="0" bev="0" fileid="1" />
                <SequencePoint vc="0" uspid="74" ordinal="32" offset="369" sl="186" sc="8" el="186" ec="70" bec="2" bev="0" fileid="1" />
                <SequencePoint vc="0" uspid="73" ordinal="33" offset="389" sl="187" sc="9" el="187" ec="29" bec="0" bev="0" fileid="1" />
                <SequencePoint vc="0" uspid="72" ordinal="34" offset="393" sl="188" sc="7" el="188" ec="8" bec="0" bev="0" fileid="1" />
                <SequencePoint vc="0" uspid="71" ordinal="35" offset="394" sl="189" sc="6" el="189" ec="7" bec="0" bev="0" fileid="1" />
                <SequencePoint vc="0" uspid="70" ordinal="36" offset="395" sl="190" sc="5" el="190" ec="6" bec="0" bev="0" fileid="1" />
                <SequencePoint vc="0" uspid="69" ordinal="37" offset="396" sl="192" sc="5" el="192" ec="20" bec="2" bev="0" fileid="1" />
                <SequencePoint vc="0" uspid="68" ordinal="38" offset="410" sl="193" sc="5" el="193" ec="6" bec="0" bev="0" fileid="1" />
                <SequencePoint vc="0" uspid="67" ordinal="39" offset="411" sl="196" sc="6" el="196" ec="44" bec="2" bev="0" fileid="1" />
                <SequencePoint vc="0" uspid="66" ordinal="40" offset="443" sl="197" sc="7" el="197" ec="11" bec="0" bev="0" fileid="1" />
                <SequencePoint vc="0" uspid="65" ordinal="41" offset="447" sl="198" sc="6" el="198" ec="40" bec="0" bev="0" fileid="1" />
                <SequencePoint vc="0" uspid="64" ordinal="42" offset="456" sl="199" sc="5" el="199" ec="6" bec="0" bev="0" fileid="1" />
                <SequencePoint vc="0" uspid="63" ordinal="43" offset="459" sl="201" sc="5" el="201" ec="6" bec="0" bev="0" fileid="1" />
                <SequencePoint vc="0" uspid="62" ordinal="44" offset="460" sl="203" sc="6" el="203" ec="20" bec="2" bev="0" fileid="1" />
                <SequencePoint vc="0" uspid="61" ordinal="45" offset="470" sl="204" sc="7" el="204" ec="58" bec="0" bev="0" fileid="1" />
                <SequencePoint vc="0" uspid="60" ordinal="46" offset="488" sl="205" sc="5" el="205" ec="6" bec="0" bev="0" fileid="1" />
                <SequencePoint vc="0" uspid="59" ordinal="47" offset="489" sl="206" sc="4" el="206" ec="5" bec="0" bev="0" fileid="1" />
                <SequencePoint vc="1" uspid="58" ordinal="48" offset="490" sl="145" sc="20" el="145" ec="35" bec="2" bev="2" fileid="1" />
                <SequencePoint vc="1" uspid="57" ordinal="49" offset="509" sl="207" sc="3" el="207" ec="4" bec="0" bev="0" fileid="1" />
              </SequencePoints>
              <BranchPoints>
                <BranchPoint vc="1" uspid="14" ordinal="0" offset="48" sl="149" path="0" offsetend="50" fileid="1" />
                <BranchPoint vc="1" uspid="15" ordinal="1" offset="48" sl="149" path="1" offsetend="13" fileid="1" />
                <BranchPoint vc="1" uspid="16" ordinal="2" offset="58" sl="151" path="0" offsetend="60" fileid="1" />
                <BranchPoint vc="0" uspid="17" ordinal="3" offset="58" sl="151" path="1" offsetend="78" fileid="1" />
                <BranchPoint vc="1" uspid="18" ordinal="4" offset="95" sl="155" path="0" offsetchain="97" offsetend="509" fileid="1" />
                <BranchPoint vc="0" uspid="19" ordinal="5" offset="95" sl="155" path="1" offsetend="102" fileid="1" />
                <BranchPoint vc="0" uspid="20" ordinal="6" offset="125" sl="161" path="0" offsetend="130" fileid="1" />
                <BranchPoint vc="0" uspid="21" ordinal="7" offset="125" sl="161" path="1" offsetend="396" fileid="1" />
                <BranchPoint vc="0" uspid="22" ordinal="8" offset="148" sl="163" path="0" offsetend="153" fileid="1" />
                <BranchPoint vc="0" uspid="23" ordinal="9" offset="148" sl="163" path="1" offsetend="284" fileid="1" />
                <BranchPoint vc="0" uspid="24" ordinal="10" offset="206" sl="169" path="0" offsetend="208" fileid="1" />
                <BranchPoint vc="0" uspid="25" ordinal="11" offset="206" sl="169" path="1" offsetend="160" fileid="1" />
                <BranchPoint vc="0" uspid="26" ordinal="12" offset="228" sl="171" path="0" offsetend="230" fileid="1" />
                <BranchPoint vc="0" uspid="27" ordinal="13" offset="228" sl="171" path="1" offsetend="281" fileid="1" />
                <BranchPoint vc="0" uspid="28" ordinal="14" offset="275" sl="174" path="0" offsetend="277" fileid="1" />
                <BranchPoint vc="0" uspid="29" ordinal="15" offset="275" sl="174" path="1" offsetend="280" fileid="1" />
                <BranchPoint vc="0" uspid="30" ordinal="16" offset="322" sl="181" path="0" offsetend="324" fileid="1" />
                <BranchPoint vc="0" uspid="31" ordinal="17" offset="322" sl="181" path="1" offsetend="287" fileid="1" />
                <BranchPoint vc="0" uspid="32" ordinal="18" offset="334" sl="183" path="0" offsetend="336" fileid="1" />
                <BranchPoint vc="0" uspid="33" ordinal="19" offset="334" sl="183" path="1" offsetend="394" fileid="1" />
                <BranchPoint vc="0" uspid="34" ordinal="20" offset="387" sl="186" path="0" offsetend="389" fileid="1" />
                <BranchPoint vc="0" uspid="35" ordinal="21" offset="387" sl="186" path="1" offsetend="393" fileid="1" />
                <BranchPoint vc="0" uspid="36" ordinal="22" offset="408" sl="192" path="0" offsetend="410" fileid="1" />
                <BranchPoint vc="0" uspid="37" ordinal="23" offset="408" sl="192" path="1" offsetend="459" fileid="1" />
                <BranchPoint vc="0" uspid="38" ordinal="24" offset="441" sl="196" path="0" offsetend="443" fileid="1" />
                <BranchPoint vc="0" uspid="39" ordinal="25" offset="441" sl="196" path="1" offsetend="447" fileid="1" />
                <BranchPoint vc="0" uspid="40" ordinal="26" offset="468" sl="203" path="0" offsetend="470" fileid="1" />
                <BranchPoint vc="0" uspid="41" ordinal="27" offset="468" sl="203" path="1" offsetend="488" fileid="1" />
                <BranchPoint vc="1" uspid="42" ordinal="28" offset="504" sl="145" path="0" offsetend="509" fileid="1" />
                <BranchPoint vc="1" uspid="43" ordinal="29" offset="504" sl="145" path="1" offsetchain="8" offsetend="17" fileid="1" />
              </BranchPoints>
              <MethodPoint xsi:type="SequencePoint" vc="1" uspid="106" ordinal="0" offset="0" sl="144" sc="3" el="144" ec="4" bec="0" bev="0" fileid="1" />
            </Method>
          </Methods>
        </Class>
        <Class>
          <Summary numSequencePoints="165" visitedSequencePoints="162" numBranchPoints="71" visitedBranchPoints="64" sequenceCoverage="98.18" branchCoverage="90.14" maxCyclomaticComplexity="38" minCyclomaticComplexity="1" visitedClasses="1" numClasses="1" visitedMethods="10" numMethods="11" minCrapScore="1" maxCrapScore="38" />
          <FullName>Onyx.Html.Parsing.HtmlLexer</FullName>
          <Methods>
            <Method visited="true" cyclomaticComplexity="1" nPathComplexity="0" sequenceCoverage="100" branchCoverage="0" isConstructor="false" isStatic="false" isGetter="true" isSetter="false" crapScore="1">
              <Summary numSequencePoints="1" visitedSequencePoints="1" numBranchPoints="1" visitedBranchPoints="0" sequenceCoverage="100" branchCoverage="0" maxCyclomaticComplexity="1" minCyclomaticComplexity="1" visitedClasses="0" numClasses="0" visitedMethods="1" numMethods="1" minCrapScore="1" maxCrapScore="1" />
              <MetadataToken>100663306</MetadataToken>
              <Name>System.Int32 Onyx.Html.Parsing.HtmlLexer::get_Line()</Name>
              <FileRef uid="2" />
              <SequencePoints>
                <SequencePoint vc="1" uspid="107" ordinal="0" offset="0" sl="19" sc="24" el="19" ec="29" bec="0" bev="0" fileid="2" />
              </SequencePoints>
              <BranchPoints />
              <MethodPoint xsi:type="SequencePoint" vc="1" uspid="107" ordinal="0" offset="0" sl="19" sc="24" el="19" ec="29" bec="0" bev="0" fileid="2" />
            </Method>
            <Method visited="false" cyclomaticComplexity="1" nPathComplexity="0" sequenceCoverage="0" branchCoverage="0" isConstructor="false" isStatic="false" isGetter="true" isSetter="false" crapScore="2">
              <Summary numSequencePoints="1" visitedSequencePoints="0" numBranchPoints="1" visitedBranchPoints="0" sequenceCoverage="0" branchCoverage="0" maxCyclomaticComplexity="1" minCyclomaticComplexity="1" visitedClasses="0" numClasses="0" visitedMethods="0" numMethods="1" minCrapScore="2" maxCrapScore="2" />
              <MetadataToken>100663307</MetadataToken>
              <Name>System.Int32 Onyx.Html.Parsing.HtmlLexer::get_LineStart()</Name>
              <FileRef uid="2" />
              <SequencePoints>
                <SequencePoint vc="0" uspid="108" ordinal="0" offset="0" sl="20" sc="29" el="20" ec="39" bec="0" bev="0" fileid="2" />
              </SequencePoints>
              <BranchPoints />
              <MethodPoint xsi:type="SequencePoint" vc="0" uspid="108" ordinal="0" offset="0" sl="20" sc="29" el="20" ec="39" bec="0" bev="0" fileid="2" />
            </Method>
            <Method visited="true" cyclomaticComplexity="1" nPathComplexity="0" sequenceCoverage="100" branchCoverage="0" isConstructor="true" isStatic="false" isGetter="false" isSetter="false" crapScore="1">
              <Summary numSequencePoints="7" visitedSequencePoints="7" numBranchPoints="1" visitedBranchPoints="0" sequenceCoverage="100" branchCoverage="0" maxCyclomaticComplexity="1" minCyclomaticComplexity="1" visitedClasses="0" numClasses="0" visitedMethods="1" numMethods="1" minCrapScore="1" maxCrapScore="1" />
              <MetadataToken>100663308</MetadataToken>
              <Name>System.Void Onyx.Html.Parsing.HtmlLexer::.ctor(System.ReadOnlySpan`1&lt;System.Char&gt;)</Name>
              <FileRef uid="2" />
              <SequencePoints>
                <SequencePoint vc="1" uspid="115" ordinal="0" offset="0" sl="23" sc="3" el="23" ec="4" bec="0" bev="0" fileid="2" />
                <SequencePoint vc="1" uspid="114" ordinal="1" offset="20" sl="24" sc="4" el="24" ec="17" bec="0" bev="0" fileid="2" />
                <SequencePoint vc="1" uspid="113" ordinal="2" offset="27" sl="25" sc="4" el="25" ec="13" bec="0" bev="0" fileid="2" />
                <SequencePoint vc="1" uspid="112" ordinal="3" offset="34" sl="26" sc="4" el="26" ec="14" bec="0" bev="0" fileid="2" />
                <SequencePoint vc="1" uspid="111" ordinal="4" offset="41" sl="27" sc="4" el="27" ec="19" bec="0" bev="0" fileid="2" />
                <SequencePoint vc="1" uspid="110" ordinal="5" offset="48" sl="29" sc="4" el="29" ec="41" bec="0" bev="0" fileid="2" />
                <SequencePoint vc="1" uspid="109" ordinal="6" offset="59" sl="30" sc="3" el="30" ec="4" bec="0" bev="0" fileid="2" />
              </SequencePoints>
              <BranchPoints />
              <MethodPoint xsi:type="SequencePoint" vc="1" uspid="115" ordinal="0" offset="0" sl="23" sc="3" el="23" ec="4" bec="0" bev="0" fileid="2" />
            </Method>
            <Method visited="true" cyclomaticComplexity="1" nPathComplexity="0" sequenceCoverage="100" branchCoverage="0" isConstructor="false" isStatic="false" isGetter="false" isSetter="false" crapScore="1">
              <Summary numSequencePoints="5" visitedSequencePoints="5" numBranchPoints="1" visitedBranchPoints="0" sequenceCoverage="100" branchCoverage="0" maxCyclomaticComplexity="1" minCyclomaticComplexity="1" visitedClasses="0" numClasses="0" visitedMethods="1" numMethods="1" minCrapScore="1" maxCrapScore="1" />
              <MetadataToken>100663309</MetadataToken>
              <Name>Onyx.Html.Parsing.HtmlToken Onyx.Html.Parsing.HtmlLexer::Peek()</Name>
              <FileRef uid="2" />
              <SequencePoints>
                <SequencePoint vc="1" uspid="120" ordinal="0" offset="0" sl="34" sc="3" el="34" ec="4" bec="0" bev="0" fileid="2" />
                <SequencePoint vc="1" uspid="119" ordinal="1" offset="1" sl="35" sc="4" el="35" ec="29" bec="0" bev="0" fileid="2" />
                <SequencePoint vc="1" uspid="118" ordinal="2" offset="8" sl="36" sc="4" el="36" ec="12" bec="0" bev="0" fileid="2" />
                <SequencePoint vc="1" uspid="117" ordinal="3" offset="15" sl="37" sc="4" el="37" ec="17" bec="0" bev="0" fileid="2" />
                <SequencePoint vc="1" uspid="116" ordinal="4" offset="19" sl="38" sc="3" el="38" ec="4" bec="0" bev="0" fileid="2" />
              </SequencePoints>
              <BranchPoints />
              <MethodPoint xsi:type="SequencePoint" vc="1" uspid="120" ordinal="0" offset="0" sl="34" sc="3" el="34" ec="4" bec="0" bev="0" fileid="2" />
            </Method>
            <Method visited="true" cyclomaticComplexity="2" nPathComplexity="2" sequenceCoverage="80" branchCoverage="66.67" isConstructor="false" isStatic="false" isGetter="false" isSetter="false" crapScore="2.03">
              <Summary numSequencePoints="5" visitedSequencePoints="4" numBranchPoints="3" visitedBranchPoints="2" sequenceCoverage="80" branchCoverage="66.67" maxCyclomaticComplexity="2" minCyclomaticComplexity="2" visitedClasses="0" numClasses="0" visitedMethods="1" numMethods="1" minCrapScore="2.03" maxCrapScore="2.03" />
              <MetadataToken>100663310</MetadataToken>
              <Name>System.Void Onyx.Html.Parsing.HtmlLexer::Unget()</Name>
              <FileRef uid="2" />
              <SequencePoints>
                <SequencePoint vc="1" uspid="125" ordinal="0" offset="0" sl="42" sc="3" el="42" ec="4" bec="0" bev="0" fileid="2" />
                <SequencePoint vc="1" uspid="124" ordinal="1" offset="1" sl="43" sc="4" el="43" ec="15" bec="2" bev="1" fileid="2" />
                <SequencePoint vc="0" uspid="123" ordinal="2" offset="11" sl="44" sc="5" el="44" ec="78" bec="0" bev="0" fileid="2" />
                <SequencePoint vc="1" uspid="122" ordinal="3" offset="22" sl="45" sc="4" el="45" ec="18" bec="0" bev="0" fileid="2" />
                <SequencePoint vc="1" uspid="121" ordinal="4" offset="29" sl="46" sc="3" el="46" ec="4" bec="0" bev="0" fileid="2" />
              </SequencePoints>
              <BranchPoints>
                <BranchPoint vc="0" uspid="44" ordinal="0" offset="9" sl="43" path="0" offsetend="11" fileid="2" />
                <BranchPoint vc="1" uspid="45" ordinal="1" offset="9" sl="43" path="1" offsetend="22" fileid="2" />
              </BranchPoints>
              <MethodPoint xsi:type="SequencePoint" vc="1" uspid="125" ordinal="0" offset="0" sl="42" sc="3" el="42" ec="4" bec="0" bev="0" fileid="2" />
            </Method>
            <Method visited="true" cyclomaticComplexity="38" nPathComplexity="2097152" sequenceCoverage="99.02" branchCoverage="97.67" isConstructor="false" isStatic="false" isGetter="false" isSetter="false" crapScore="38">
              <Summary numSequencePoints="102" visitedSequencePoints="101" numBranchPoints="43" visitedBranchPoints="42" sequenceCoverage="99.02" branchCoverage="97.67" maxCyclomaticComplexity="38" minCyclomaticComplexity="38" visitedClasses="0" numClasses="0" visitedMethods="1" numMethods="1" minCrapScore="38" maxCrapScore="38" />
              <MetadataToken>100663311</MetadataToken>
              <Name>Onyx.Html.Parsing.HtmlToken Onyx.Html.Parsing.HtmlLexer::Next()</Name>
              <FileRef uid="2" />
              <SequencePoints>
                <SequencePoint vc="1" uspid="227" ordinal="0" offset="0" sl="50" sc="3" el="50" ec="4" bec="0" bev="0" fileid="2" />
                <SequencePoint vc="1" uspid="226" ordinal="1" offset="1" sl="53" sc="4" el="53" ec="15" bec="2" bev="2" fileid="2" />
                <SequencePoint vc="1" uspid="225" ordinal="2" offset="13" sl="54" sc="4" el="54" ec="5" bec="0" bev="0" fileid="2" />
                <SequencePoint vc="1" uspid="224" ordinal="3" offset="14" sl="55" sc="5" el="55" ec="20" bec="0" bev="0" fileid="2" />
                <SequencePoint vc="1" uspid="223" ordinal="4" offset="21" sl="56" sc="5" el="56" ec="23" bec="0" bev="0" fileid="2" />
                <SequencePoint vc="1" uspid="222" ordinal="5" offset="34" sl="59" sc="4" el="59" ec="29" bec="2" bev="2" fileid="2" />
                <SequencePoint vc="1" uspid="221" ordinal="6" offset="62" sl="60" sc="5" el="60" ec="107" bec="0" bev="0" fileid="2" />
                <SequencePoint vc="1" uspid="220" ordinal="7" offset="112" sl="62" sc="4" el="62" ec="21" bec="0" bev="0" fileid="2" />
                <SequencePoint vc="1" uspid="219" ordinal="8" offset="119" sl="63" sc="4" el="63" ec="26" bec="0" bev="0" fileid="2" />
                <SequencePoint vc="1" uspid="218" ordinal="9" offset="126" sl="64" sc="4" el="64" ec="40" bec="0" bev="0" fileid="2" />
                <SequencePoint vc="1" uspid="217" ordinal="10" offset="140" sl="66" sc="4" el="66" ec="27" bec="2" bev="2" fileid="2" />
                <SequencePoint vc="1" uspid="216" ordinal="11" offset="174" sl="67" sc="4" el="67" ec="5" bec="0" bev="0" fileid="2" />
                <SequencePoint vc="1" uspid="215" ordinal="12" offset="177" sl="70" sc="6" el="70" ec="18" bec="0" bev="0" fileid="2" />
                <SequencePoint vc="1" uspid="214" ordinal="13" offset="185" sl="69" sc="5" el="69" ec="61" bec="2" bev="2" fileid="2" />
                <SequencePoint vc="1" uspid="213" ordinal="14" offset="240" sl="72" sc="5" el="72" ec="28" bec="0" bev="0" fileid="2" />
                <SequencePoint vc="1" uspid="212" ordinal="15" offset="252" sl="73" sc="5" el="73" ec="67" bec="0" bev="0" fileid="2" />
                <SequencePoint vc="1" uspid="211" ordinal="16" offset="284" sl="74" sc="5" el="75" ec="50" bec="0" bev="0" fileid="2" />
                <SequencePoint vc="1" uspid="210" ordinal="17" offset="330" sl="79" sc="4" el="79" ec="11" bec="0" bev="0" fileid="2" />
                <SequencePoint vc="1" uspid="209" ordinal="18" offset="344" sl="81" sc="4" el="81" ec="29" bec="2" bev="2" fileid="2" />
                <SequencePoint vc="1" uspid="208" ordinal="19" offset="372" sl="82" sc="4" el="82" ec="5" bec="0" bev="0" fileid="2" />
                <SequencePoint vc="1" uspid="207" ordinal="20" offset="373" sl="84" sc="5" el="84" ec="108" bec="0" bev="0" fileid="2" />
                <SequencePoint vc="1" uspid="206" ordinal="21" offset="413" sl="87" sc="4" el="87" ec="34" bec="2" bev="2" fileid="2" />
                <SequencePoint vc="1" uspid="205" ordinal="22" offset="446" sl="88" sc="4" el="88" ec="5" bec="0" bev="0" fileid="2" />
                <SequencePoint vc="1" uspid="204" ordinal="23" offset="447" sl="90" sc="5" el="92" ec="32" bec="2" bev="1" fileid="2" />
                <SequencePoint vc="1" uspid="203" ordinal="24" offset="528" sl="93" sc="5" el="93" ec="6" bec="0" bev="0" fileid="2" />
                <SequencePoint vc="1" uspid="202" ordinal="25" offset="529" sl="95" sc="6" el="95" ec="16" bec="0" bev="0" fileid="2" />
                <SequencePoint vc="1" uspid="201" ordinal="26" offset="548" sl="98" sc="6" el="98" ec="7" bec="0" bev="0" fileid="2" />
                <SequencePoint vc="1" uspid="200" ordinal="27" offset="549" sl="99" sc="7" el="99" ec="36" bec="2" bev="2" fileid="2" />
                <SequencePoint vc="1" uspid="199" ordinal="28" offset="579" sl="100" sc="7" el="100" ec="8" bec="0" bev="0" fileid="2" />
                <SequencePoint vc="1" uspid="198" ordinal="29" offset="580" sl="101" sc="8" el="101" ec="28" bec="0" bev="0" fileid="2" />
                <SequencePoint vc="1" uspid="197" ordinal="30" offset="597" sl="102" sc="8" el="104" ec="53" bec="0" bev="0" fileid="2" />
                <SequencePoint vc="1" uspid="196" ordinal="31" offset="671" sl="106" sc="7" el="108" ec="34" bec="2" bev="2" fileid="2" />
                <SequencePoint vc="1" uspid="195" ordinal="32" offset="752" sl="109" sc="7" el="109" ec="8" bec="0" bev="0" fileid="2" />
                <SequencePoint vc="1" uspid="194" ordinal="33" offset="753" sl="110" sc="8" el="110" ec="18" bec="0" bev="0" fileid="2" />
                <SequencePoint vc="1" uspid="193" ordinal="34" offset="767" sl="111" sc="8" el="113" ec="53" bec="0" bev="0" fileid="2" />
                <SequencePoint vc="1" uspid="192" ordinal="35" offset="841" sl="116" sc="7" el="116" ec="19" bec="0" bev="0" fileid="2" />
                <SequencePoint vc="1" uspid="191" ordinal="36" offset="849" sl="117" sc="6" el="117" ec="7" bec="0" bev="0" fileid="2" />
                <SequencePoint vc="1" uspid="190" ordinal="37" offset="850" sl="97" sc="6" el="97" ec="18" bec="0" bev="0" fileid="2" />
                <SequencePoint vc="0" uspid="189" ordinal="38" offset="858" sl="119" sc="4" el="119" ec="5" bec="0" bev="0" fileid="2" />
                <SequencePoint vc="1" uspid="188" ordinal="39" offset="859" sl="123" sc="4" el="123" ec="18" bec="2" bev="2" fileid="2" />
                <SequencePoint vc="1" uspid="187" ordinal="40" offset="873" sl="124" sc="4" el="124" ec="5" bec="0" bev="0" fileid="2" />
                <SequencePoint vc="1" uspid="186" ordinal="41" offset="874" sl="125" sc="5" el="125" ec="12" bec="0" bev="0" fileid="2" />
                <SequencePoint vc="1" uspid="185" ordinal="42" offset="888" sl="127" sc="5" el="127" ec="30" bec="2" bev="2" fileid="2" />
                <SequencePoint vc="1" uspid="184" ordinal="43" offset="916" sl="128" sc="5" el="128" ec="6" bec="0" bev="0" fileid="2" />
                <SequencePoint vc="1" uspid="183" ordinal="44" offset="917" sl="130" sc="6" el="130" ec="110" bec="0" bev="0" fileid="2" />
                <SequencePoint vc="1" uspid="182" ordinal="45" offset="957" sl="133" sc="5" el="133" ec="22" bec="0" bev="0" fileid="2" />
                <SequencePoint vc="1" uspid="181" ordinal="46" offset="976" sl="134" sc="5" el="135" ec="35" bec="2" bev="2" fileid="2" />
                <SequencePoint vc="1" uspid="180" ordinal="47" offset="1008" sl="136" sc="5" el="136" ec="6" bec="0" bev="0" fileid="2" />
                <SequencePoint vc="1" uspid="179" ordinal="48" offset="1009" sl="139" sc="6" el="139" ec="110" bec="0" bev="0" fileid="2" />
                <SequencePoint vc="1" uspid="178" ordinal="49" offset="1049" sl="143" sc="5" el="143" ec="26" bec="0" bev="0" fileid="2" />
                <SequencePoint vc="1" uspid="177" ordinal="50" offset="1057" sl="144" sc="5" el="144" ec="32" bec="0" bev="0" fileid="2" />
                <SequencePoint vc="1" uspid="176" ordinal="51" offset="1066" sl="148" sc="5" el="148" ec="51" bec="2" bev="2" fileid="2" />
                <SequencePoint vc="1" uspid="175" ordinal="52" offset="1116" sl="149" sc="6" el="149" ec="13" bec="0" bev="0" fileid="2" />
                <SequencePoint vc="1" uspid="174" ordinal="53" offset="1130" sl="151" sc="5" el="152" ec="50" bec="0" bev="0" fileid="2" />
                <SequencePoint vc="1" uspid="173" ordinal="54" offset="1167" sl="155" sc="4" el="155" ec="62" bec="2" bev="2" fileid="2" />
                <SequencePoint vc="1" uspid="172" ordinal="55" offset="1199" sl="156" sc="4" el="156" ec="5" bec="0" bev="0" fileid="2" />
                <SequencePoint vc="1" uspid="171" ordinal="56" offset="1200" sl="159" sc="5" el="159" ec="108" bec="0" bev="0" fileid="2" />
                <SequencePoint vc="1" uspid="170" ordinal="57" offset="1240" sl="163" sc="4" el="163" ec="25" bec="0" bev="0" fileid="2" />
                <SequencePoint vc="1" uspid="169" ordinal="58" offset="1248" sl="164" sc="4" el="164" ec="31" bec="0" bev="0" fileid="2" />
                <SequencePoint vc="1" uspid="168" ordinal="59" offset="1257" sl="171" sc="4" el="171" ec="95" bec="0" bev="0" fileid="2" />
                <SequencePoint vc="1" uspid="167" ordinal="60" offset="1269" sl="173" sc="4" el="173" ec="5" bec="0" bev="0" fileid="2" />
                <SequencePoint vc="1" uspid="166" ordinal="61" offset="1270" sl="175" sc="5" el="175" ec="22" bec="0" bev="0" fileid="2" />
                <SequencePoint vc="1" uspid="165" ordinal="62" offset="1277" sl="178" sc="5" el="178" ec="30" bec="2" bev="2" fileid="2" />
                <SequencePoint vc="1" uspid="164" ordinal="63" offset="1305" sl="179" sc="6" el="179" ec="12" bec="0" bev="0" fileid="2" />
                <SequencePoint vc="1" uspid="163" ordinal="64" offset="1310" sl="180" sc="5" el="180" ec="35" bec="2" bev="2" fileid="2" />
                <SequencePoint vc="1" uspid="162" ordinal="65" offset="1340" sl="181" sc="5" el="181" ec="6" bec="0" bev="0" fileid="2" />
                <SequencePoint vc="1" uspid="161" ordinal="66" offset="1341" sl="182" sc="6" el="182" ec="13" bec="0" bev="0" fileid="2" />
                <SequencePoint vc="1" uspid="160" ordinal="67" offset="1355" sl="183" sc="6" el="183" ec="15" bec="0" bev="0" fileid="2" />
                <SequencePoint vc="1" uspid="159" ordinal="68" offset="1360" sl="185" sc="10" el="185" ec="24" bec="2" bev="2" fileid="2" />
                <SequencePoint vc="1" uspid="158" ordinal="69" offset="1371" sl="186" sc="5" el="186" ec="6" bec="0" bev="0" fileid="2" />
                <SequencePoint vc="1" uspid="157" ordinal="70" offset="1372" sl="187" sc="6" el="187" ec="13" bec="0" bev="0" fileid="2" />
                <SequencePoint vc="1" uspid="156" ordinal="71" offset="1386" sl="188" sc="6" el="188" ec="12" bec="0" bev="0" fileid="2" />
                <SequencePoint vc="1" uspid="155" ordinal="72" offset="1391" sl="192" sc="5" el="192" ec="37" bec="0" bev="0" fileid="2" />
                <SequencePoint vc="1" uspid="154" ordinal="73" offset="1399" sl="193" sc="5" el="193" ec="40" bec="2" bev="2" fileid="2" />
                <SequencePoint vc="1" uspid="153" ordinal="74" offset="1412" sl="194" sc="5" el="194" ec="6" bec="0" bev="0" fileid="2" />
                <SequencePoint vc="1" uspid="152" ordinal="75" offset="1413" sl="195" sc="6" el="195" ec="13" bec="0" bev="0" fileid="2" />
                <SequencePoint vc="1" uspid="151" ordinal="76" offset="1427" sl="196" sc="6" el="196" ec="15" bec="0" bev="0" fileid="2" />
                <SequencePoint vc="1" uspid="150" ordinal="77" offset="1432" sl="198" sc="5" el="198" ec="40" bec="0" bev="0" fileid="2" />
                <SequencePoint vc="1" uspid="149" ordinal="78" offset="1441" sl="200" sc="5" el="200" ec="22" bec="0" bev="0" fileid="2" />
                <SequencePoint vc="1" uspid="148" ordinal="79" offset="1448" sl="203" sc="5" el="203" ec="51" bec="2" bev="2" fileid="2" />
                <SequencePoint vc="1" uspid="147" ordinal="80" offset="1498" sl="204" sc="5" el="204" ec="6" bec="0" bev="0" fileid="2" />
                <SequencePoint vc="1" uspid="146" ordinal="81" offset="1499" sl="205" sc="6" el="205" ec="13" bec="0" bev="0" fileid="2" />
                <SequencePoint vc="1" uspid="145" ordinal="82" offset="1513" sl="206" sc="6" el="206" ec="23" bec="0" bev="0" fileid="2" />
                <SequencePoint vc="1" uspid="144" ordinal="83" offset="1520" sl="209" sc="6" el="209" ec="53" bec="2" bev="2" fileid="2" />
                <SequencePoint vc="1" uspid="143" ordinal="84" offset="1570" sl="210" sc="6" el="210" ec="7" bec="0" bev="0" fileid="2" />
                <SequencePoint vc="1" uspid="142" ordinal="85" offset="1571" sl="211" sc="7" el="211" ec="39" bec="0" bev="0" fileid="2" />
                <SequencePoint vc="1" uspid="141" ordinal="86" offset="1579" sl="212" sc="7" el="212" ec="21" bec="0" bev="0" fileid="2" />
                <SequencePoint vc="1" uspid="140" ordinal="87" offset="1586" sl="213" sc="6" el="213" ec="7" bec="0" bev="0" fileid="2" />
                <SequencePoint vc="1" uspid="139" ordinal="88" offset="1589" sl="215" sc="6" el="215" ec="7" bec="0" bev="0" fileid="2" />
                <SequencePoint vc="1" uspid="138" ordinal="89" offset="1590" sl="216" sc="7" el="216" ec="33" bec="0" bev="0" fileid="2" />
                <SequencePoint vc="1" uspid="137" ordinal="90" offset="1598" sl="217" sc="7" el="217" ec="43" bec="2" bev="2" fileid="2" />
                <SequencePoint vc="1" uspid="136" ordinal="91" offset="1611" sl="218" sc="8" el="218" ec="25" bec="0" bev="0" fileid="2" />
                <SequencePoint vc="1" uspid="135" ordinal="92" offset="1614" sl="219" sc="6" el="219" ec="7" bec="0" bev="0" fileid="2" />
                <SequencePoint vc="1" uspid="134" ordinal="93" offset="1615" sl="220" sc="5" el="220" ec="6" bec="0" bev="0" fileid="2" />
                <SequencePoint vc="1" uspid="133" ordinal="94" offset="1618" sl="222" sc="5" el="222" ec="6" bec="0" bev="0" fileid="2" />
                <SequencePoint vc="1" uspid="132" ordinal="95" offset="1619" sl="223" sc="6" el="223" ec="23" bec="0" bev="0" fileid="2" />
                <SequencePoint vc="1" uspid="131" ordinal="96" offset="1622" sl="224" sc="5" el="224" ec="6" bec="0" bev="0" fileid="2" />
                <SequencePoint vc="1" uspid="130" ordinal="97" offset="1623" sl="226" sc="5" el="226" ec="76" bec="0" bev="0" fileid="2" />
                <SequencePoint vc="1" uspid="129" ordinal="98" offset="1640" sl="227" sc="4" el="227" ec="5" bec="0" bev="0" fileid="2" />
                <SequencePoint vc="1" uspid="128" ordinal="99" offset="1641" sl="172" sc="4" el="172" ec="16" bec="0" bev="0" fileid="2" />
                <SequencePoint vc="1" uspid="127" ordinal="100" offset="1649" sl="229" sc="4" el="230" ec="61" bec="0" bev="0" fileid="2" />
                <SequencePoint vc="1" uspid="126" ordinal="101" offset="1684" sl="231" sc="3" el="231" ec="4" bec="0" bev="0" fileid="2" />
              </SequencePoints>
              <BranchPoints>
                <BranchPoint vc="1" uspid="46" ordinal="0" offset="11" sl="53" path="0" offsetend="13" fileid="2" />
                <BranchPoint vc="1" uspid="47" ordinal="1" offset="11" sl="53" path="1" offsetend="34" fileid="2" />
                <BranchPoint vc="1" uspid="48" ordinal="2" offset="60" sl="59" path="0" offsetend="62" fileid="2" />
                <BranchPoint vc="1" uspid="49" ordinal="3" offset="60" sl="59" path="1" offsetend="112" fileid="2" />
                <BranchPoint vc="1" uspid="50" ordinal="4" offset="169" sl="66" path="0" offsetend="174" fileid="2" />
                <BranchPoint vc="1" uspid="51" ordinal="5" offset="169" sl="66" path="1" offsetend="330" fileid="2" />
                <BranchPoint vc="1" uspid="52" ordinal="6" offset="238" sl="69" path="0" offsetend="240" fileid="2" />
                <BranchPoint vc="1" uspid="53" ordinal="7" offset="238" sl="69" path="1" offsetend="177" fileid="2" />
                <BranchPoint vc="1" uspid="54" ordinal="8" offset="370" sl="81" path="0" offsetend="372" fileid="2" />
                <BranchPoint vc="1" uspid="55" ordinal="9" offset="370" sl="81" path="1" offsetend="413" fileid="2" />
                <BranchPoint vc="1" uspid="56" ordinal="10" offset="441" sl="87" path="0" offsetend="446" fileid="2" />
                <BranchPoint vc="1" uspid="57" ordinal="11" offset="441" sl="87" path="1" offsetend="859" fileid="2" />
                <BranchPoint vc="1" uspid="58" ordinal="12" offset="523" sl="90" path="0" offsetend="528" fileid="2" />
                <BranchPoint vc="0" uspid="59" ordinal="13" offset="523" sl="90" path="1" offsetend="858" fileid="2" />
                <BranchPoint vc="1" uspid="60" ordinal="14" offset="577" sl="99" path="0" offsetend="579" fileid="2" />
                <BranchPoint vc="1" uspid="61" ordinal="15" offset="577" sl="99" path="1" offsetend="671" fileid="2" />
                <BranchPoint vc="1" uspid="62" ordinal="16" offset="750" sl="106" path="0" offsetend="752" fileid="2" />
                <BranchPoint vc="1" uspid="63" ordinal="17" offset="750" sl="106" path="1" offsetend="841" fileid="2" />
                <BranchPoint vc="1" uspid="64" ordinal="18" offset="868" sl="123" path="0" offsetend="873" fileid="2" />
                <BranchPoint vc="1" uspid="65" ordinal="19" offset="868" sl="123" path="1" offsetend="1167" fileid="2" />
                <BranchPoint vc="1" uspid="66" ordinal="20" offset="914" sl="127" path="0" offsetend="916" fileid="2" />
                <BranchPoint vc="1" uspid="67" ordinal="21" offset="914" sl="127" path="1" offsetend="957" fileid="2" />
                <BranchPoint vc="1" uspid="68" ordinal="22" offset="1006" sl="134" path="0" offsetend="1008" fileid="2" />
                <BranchPoint vc="1" uspid="69" ordinal="23" offset="1006" sl="134" path="1" offsetend="1049" fileid="2" />
                <BranchPoint vc="1" uspid="70" ordinal="24" offset="1114" sl="148" path="0" offsetend="1116" fileid="2" />
                <BranchPoint vc="1" uspid="71" ordinal="25" offset="1114" sl="148" path="1" offsetend="1130" fileid="2" />
                <BranchPoint vc="1" uspid="72" ordinal="26" offset="1197" sl="155" path="0" offsetend="1199" fileid="2" />
                <BranchPoint vc="1" uspid="73" ordinal="27" offset="1197" sl="155" path="1" offsetend="1240" fileid="2" />
                <BranchPoint vc="1" uspid="74" ordinal="28" offset="1303" sl="178" path="0" offsetchain="1305" offsetend="1649" fileid="2" />
                <BranchPoint vc="1" uspid="75" ordinal="29" offset="1303" sl="178" path="1" offsetend="1310" fileid="2" />
                <BranchPoint vc="1" uspid="76" ordinal="30" offset="1338" sl="180" path="0" offsetend="1340" fileid="2" />
                <BranchPoint vc="1" uspid="77" ordinal="31" offset="1338" sl="180" path="1" offsetend="1360" fileid="2" />
                <BranchPoint vc="1" uspid="78" ordinal="32" offset="1369" sl="185" path="0" offsetend="1371" fileid="2" />
                <BranchPoint vc="1" uspid="79" ordinal="33" offset="1369" sl="185" path="1" offsetend="1391" fileid="2" />
                <BranchPoint vc="1" uspid="80" ordinal="34" offset="1410" sl="193" path="0" offsetend="1412" fileid="2" />
                <BranchPoint vc="1" uspid="81" ordinal="35" offset="1410" sl="193" path="1" offsetend="1432" fileid="2" />
                <BranchPoint vc="1" uspid="82" ordinal="36" offset="1496" sl="203" path="0" offsetend="1498" fileid="2" />
                <BranchPoint vc="1" uspid="83" ordinal="37" offset="1496" sl="203" path="1" offsetend="1618" fileid="2" />
                <BranchPoint vc="1" uspid="84" ordinal="38" offset="1568" sl="209" path="0" offsetend="1570" fileid="2" />
                <BranchPoint vc="1" uspid="85" ordinal="39" offset="1568" sl="209" path="1" offsetend="1589" fileid="2" />
                <BranchPoint vc="1" uspid="86" ordinal="40" offset="1609" sl="217" path="0" offsetend="1611" fileid="2" />
                <BranchPoint vc="1" uspid="87" ordinal="41" offset="1609" sl="217" path="1" offsetend="1614" fileid="2" />
              </BranchPoints>
              <MethodPoint xsi:type="SequencePoint" vc="1" uspid="227" ordinal="0" offset="0" sl="50" sc="3" el="50" ec="4" bec="0" bev="0" fileid="2" />
            </Method>
            <Method visited="true" cyclomaticComplexity="5" nPathComplexity="4" sequenceCoverage="100" branchCoverage="100" isConstructor="false" isStatic="false" isGetter="false" isSetter="false" crapScore="5">
              <Summary numSequencePoints="10" visitedSequencePoints="10" numBranchPoints="5" visitedBranchPoints="5" sequenceCoverage="100" branchCoverage="100" maxCyclomaticComplexity="5" minCyclomaticComplexity="5" visitedClasses="0" numClasses="0" visitedMethods="1" numMethods="1" minCrapScore="5" maxCrapScore="5" />
              <MetadataToken>100663312</MetadataToken>
              <Name>System.Void Onyx.Html.Parsing.HtmlLexer::EatChar(System.Char)</Name>
              <FileRef uid="2" />
              <SequencePoints>
                <SequencePoint vc="1" uspid="237" ordinal="0" offset="0" sl="235" sc="3" el="235" ec="4" bec="0" bev="0" fileid="2" />
                <SequencePoint vc="1" uspid="236" ordinal="1" offset="1" sl="236" sc="4" el="236" ec="11" bec="0" bev="0" fileid="2" />
                <SequencePoint vc="1" uspid="235" ordinal="2" offset="15" sl="237" sc="4" el="237" ec="33" bec="2" bev="2" fileid="2" />
                <SequencePoint vc="1" uspid="234" ordinal="3" offset="32" sl="238" sc="4" el="238" ec="5" bec="0" bev="0" fileid="2" />
                <SequencePoint vc="1" uspid="233" ordinal="4" offset="33" sl="239" sc="5" el="239" ec="56" bec="2" bev="2" fileid="2" />
                <SequencePoint vc="1" uspid="232" ordinal="5" offset="82" sl="240" sc="6" el="240" ec="13" bec="0" bev="0" fileid="2" />
                <SequencePoint vc="1" uspid="231" ordinal="6" offset="96" sl="241" sc="5" el="241" ec="13" bec="0" bev="0" fileid="2" />
                <SequencePoint vc="1" uspid="230" ordinal="7" offset="110" sl="242" sc="5" el="242" ec="23" bec="0" bev="0" fileid="2" />
                <SequencePoint vc="1" uspid="229" ordinal="8" offset="122" sl="243" sc="4" el="243" ec="5" bec="0" bev="0" fileid="2" />
                <SequencePoint vc="1" uspid="228" ordinal="9" offset="123" sl="244" sc="3" el="244" ec="4" bec="0" bev="0" fileid="2" />
              </SequencePoints>
              <BranchPoints>
                <BranchPoint vc="1" uspid="88" ordinal="0" offset="30" sl="237" path="0" offsetend="32" fileid="2" />
                <BranchPoint vc="1" uspid="89" ordinal="1" offset="30" sl="237" path="1" offsetend="123" fileid="2" />
                <BranchPoint vc="1" uspid="90" ordinal="2" offset="80" sl="239" path="0" offsetend="82" fileid="2" />
                <BranchPoint vc="1" uspid="91" ordinal="3" offset="80" sl="239" path="1" offsetend="96" fileid="2" />
              </BranchPoints>
              <MethodPoint xsi:type="SequencePoint" vc="1" uspid="237" ordinal="0" offset="0" sl="235" sc="3" el="235" ec="4" bec="0" bev="0" fileid="2" />
            </Method>
            <Method visited="true" cyclomaticComplexity="7" nPathComplexity="2" sequenceCoverage="100" branchCoverage="100" isConstructor="false" isStatic="false" isGetter="false" isSetter="false" crapScore="7">
              <Summary numSequencePoints="9" visitedSequencePoints="9" numBranchPoints="3" visitedBranchPoints="3" sequenceCoverage="100" branchCoverage="100" maxCyclomaticComplexity="7" minCyclomaticComplexity="7" visitedClasses="0" numClasses="0" visitedMethods="1" numMethods="1" minCrapScore="7" maxCrapScore="7" />
              <MetadataToken>100663313</MetadataToken>
              <Name>System.String Onyx.Html.Parsing.HtmlLexer::CollectName()</Name>
              <FileRef uid="2" />
              <SequencePoints>
                <SequencePoint vc="1" uspid="246" ordinal="0" offset="0" sl="248" sc="3" el="248" ec="4" bec="0" bev="0" fileid="2" />
                <SequencePoint vc="1" uspid="245" ordinal="1" offset="1" sl="249" sc="4" el="249" ec="25" bec="0" bev="0" fileid="2" />
                <SequencePoint vc="1" uspid="244" ordinal="2" offset="10" sl="254" sc="5" el="254" ec="17" bec="0" bev="0" fileid="2" />
                <SequencePoint vc="1" uspid="243" ordinal="3" offset="18" sl="252" sc="4" el="253" ec="58" bec="2" bev="2" fileid="2" />
                <SequencePoint vc="1" uspid="242" ordinal="4" offset="91" sl="256" sc="4" el="256" ec="23" bec="0" bev="0" fileid="2" />
                <SequencePoint vc="1" uspid="241" ordinal="5" offset="98" sl="257" sc="4" el="257" ec="27" bec="0" bev="0" fileid="2" />
                <SequencePoint vc="1" uspid="240" ordinal="6" offset="110" sl="258" sc="4" el="258" ec="77" bec="0" bev="0" fileid="2" />
                <SequencePoint vc="1" uspid="239" ordinal="7" offset="137" sl="259" sc="4" el="259" ec="37" bec="0" bev="0" fileid="2" />
                <SequencePoint vc="1" uspid="238" ordinal="8" offset="152" sl="260" sc="3" el="260" ec="4" bec="0" bev="0" fileid="2" />
              </SequencePoints>
              <BranchPoints>
                <BranchPoint vc="1" uspid="92" ordinal="0" offset="89" sl="252" path="0" offsetend="91" fileid="2" />
                <BranchPoint vc="1" uspid="93" ordinal="1" offset="89" sl="252" path="1" offsetend="10" fileid="2" />
              </BranchPoints>
              <MethodPoint xsi:type="SequencePoint" vc="1" uspid="246" ordinal="0" offset="0" sl="248" sc="3" el="248" ec="4" bec="0" bev="0" fileid="2" />
            </Method>
            <Method visited="true" cyclomaticComplexity="8" nPathComplexity="4" sequenceCoverage="100" branchCoverage="80" isConstructor="false" isStatic="false" isGetter="false" isSetter="false" crapScore="8">
              <Summary numSequencePoints="10" visitedSequencePoints="10" numBranchPoints="5" visitedBranchPoints="4" sequenceCoverage="100" branchCoverage="80" maxCyclomaticComplexity="8" minCyclomaticComplexity="8" visitedClasses="0" numClasses="0" visitedMethods="1" numMethods="1" minCrapScore="8" maxCrapScore="8" />
              <MetadataToken>100663314</MetadataToken>
              <Name>System.String Onyx.Html.Parsing.HtmlLexer::CollectQuotedText()</Name>
              <FileRef uid="2" />
              <SequencePoints>
                <SequencePoint vc="1" uspid="256" ordinal="0" offset="0" sl="264" sc="3" el="264" ec="4" bec="0" bev="0" fileid="2" />
                <SequencePoint vc="1" uspid="255" ordinal="1" offset="1" sl="265" sc="4" el="265" ec="27" bec="0" bev="0" fileid="2" />
                <SequencePoint vc="1" uspid="254" ordinal="2" offset="24" sl="269" sc="5" el="269" ec="17" bec="0" bev="0" fileid="2" />
                <SequencePoint vc="1" uspid="253" ordinal="3" offset="32" sl="268" sc="4" el="268" ec="71" bec="2" bev="2" fileid="2" />
                <SequencePoint vc="1" uspid="252" ordinal="4" offset="92" sl="271" sc="4" el="271" ec="23" bec="0" bev="0" fileid="2" />
                <SequencePoint vc="1" uspid="251" ordinal="5" offset="99" sl="273" sc="4" el="273" ec="50" bec="2" bev="1" fileid="2" />
                <SequencePoint vc="1" uspid="250" ordinal="6" offset="149" sl="274" sc="5" el="274" ec="12" bec="0" bev="0" fileid="2" />
                <SequencePoint vc="1" uspid="249" ordinal="7" offset="163" sl="276" sc="4" el="278" ec="20" bec="0" bev="0" fileid="2" />
                <SequencePoint vc="1" uspid="248" ordinal="8" offset="195" sl="280" sc="4" el="280" ec="16" bec="0" bev="0" fileid="2" />
                <SequencePoint vc="1" uspid="247" ordinal="9" offset="200" sl="281" sc="3" el="281" ec="4" bec="0" bev="0" fileid="2" />
              </SequencePoints>
              <BranchPoints>
                <BranchPoint vc="1" uspid="94" ordinal="0" offset="90" sl="268" path="0" offsetend="92" fileid="2" />
                <BranchPoint vc="1" uspid="95" ordinal="1" offset="90" sl="268" path="1" offsetend="24" fileid="2" />
                <BranchPoint vc="1" uspid="96" ordinal="2" offset="147" sl="273" path="0" offsetend="149" fileid="2" />
                <BranchPoint vc="0" uspid="97" ordinal="3" offset="147" sl="273" path="1" offsetend="163" fileid="2" />
              </BranchPoints>
              <MethodPoint xsi:type="SequencePoint" vc="1" uspid="256" ordinal="0" offset="0" sl="264" sc="3" el="264" ec="4" bec="0" bev="0" fileid="2" />
            </Method>
            <Method visited="true" cyclomaticComplexity="3" nPathComplexity="2" sequenceCoverage="100" branchCoverage="100" isConstructor="false" isStatic="false" isGetter="false" isSetter="false" crapScore="3">
              <Summary numSequencePoints="4" visitedSequencePoints="4" numBranchPoints="3" visitedBranchPoints="3" sequenceCoverage="100" branchCoverage="100" maxCyclomaticComplexity="3" minCyclomaticComplexity="3" visitedClasses="0" numClasses="0" visitedMethods="1" numMethods="1" minCrapScore="3" maxCrapScore="3" />
              <MetadataToken>100663315</MetadataToken>
              <Name>System.Void Onyx.Html.Parsing.HtmlLexer::SkipWhitespace()</Name>
              <FileRef uid="2" />
              <SequencePoints>
                <SequencePoint vc="1" uspid="260" ordinal="0" offset="0" sl="285" sc="3" el="285" ec="4" bec="0" bev="0" fileid="2" />
                <SequencePoint vc="1" uspid="259" ordinal="1" offset="3" sl="287" sc="5" el="287" ec="12" bec="0" bev="0" fileid="2" />
                <SequencePoint vc="1" uspid="258" ordinal="2" offset="17" sl="286" sc="4" el="286" ec="52" bec="2" bev="2" fileid="2" />
                <SequencePoint vc="1" uspid="257" ordinal="3" offset="68" sl="288" sc="3" el="288" ec="4" bec="0" bev="0" fileid="2" />
              </SequencePoints>
              <BranchPoints>
                <BranchPoint vc="1" uspid="98" ordinal="0" offset="66" sl="286" path="0" offsetend="68" fileid="2" />
                <BranchPoint vc="1" uspid="99" ordinal="1" offset="66" sl="286" path="1" offsetend="3" fileid="2" />
              </BranchPoints>
              <MethodPoint xsi:type="SequencePoint" vc="1" uspid="260" ordinal="0" offset="0" sl="285" sc="3" el="285" ec="4" bec="0" bev="0" fileid="2" />
            </Method>
            <Method visited="true" cyclomaticComplexity="5" nPathComplexity="4" sequenceCoverage="100" branchCoverage="100" isConstructor="false" isStatic="true" isGetter="false" isSetter="false" crapScore="5">
              <Summary numSequencePoints="11" visitedSequencePoints="11" numBranchPoints="5" visitedBranchPoints="5" sequenceCoverage="100" branchCoverage="100" maxCyclomaticComplexity="5" minCyclomaticComplexity="5" visitedClasses="0" numClasses="0" visitedMethods="1" numMethods="1" minCrapScore="5" maxCrapScore="5" />
              <MetadataToken>100663316</MetadataToken>
              <Name>System.String Onyx.Html.Parsing.HtmlLexer::FastLowercase(System.String)</Name>
              <FileRef uid="2" />
              <SequencePoints>
                <SequencePoint vc="1" uspid="271" ordinal="0" offset="0" sl="292" sc="3" el="292" ec="4" bec="0" bev="0" fileid="2" />
                <SequencePoint vc="1" uspid="270" ordinal="1" offset="1" sl="293" sc="4" el="293" ec="11" bec="0" bev="0" fileid="2" />
                <SequencePoint vc="1" uspid="269" ordinal="2" offset="2" sl="293" sc="24" el="293" ec="28" bec="0" bev="0" fileid="2" />
                <SequencePoint vc="1" uspid="268" ordinal="3" offset="8" sl="293" sc="13" el="293" ec="20" bec="0" bev="0" fileid="2" />
                <SequencePoint vc="1" uspid="267" ordinal="4" offset="16" sl="294" sc="4" el="294" ec="5" bec="0" bev="0" fileid="2" />
                <SequencePoint vc="1" uspid="266" ordinal="5" offset="17" sl="295" sc="5" el="295" ec="45" bec="2" bev="2" fileid="2" />
                <SequencePoint vc="1" uspid="265" ordinal="6" offset="45" sl="296" sc="6" el="296" ec="37" bec="0" bev="0" fileid="2" />
                <SequencePoint vc="1" uspid="264" ordinal="7" offset="55" sl="297" sc="4" el="297" ec="5" bec="0" bev="0" fileid="2" />
                <SequencePoint vc="1" uspid="263" ordinal="8" offset="60" sl="293" sc="21" el="293" ec="23" bec="2" bev="2" fileid="2" />
                <SequencePoint vc="1" uspid="262" ordinal="9" offset="69" sl="298" sc="4" el="298" ec="16" bec="0" bev="0" fileid="2" />
                <SequencePoint vc="1" uspid="261" ordinal="10" offset="74" sl="299" sc="3" el="299" ec="4" bec="0" bev="0" fileid="2" />
              </SequencePoints>
              <BranchPoints>
                <BranchPoint vc="1" uspid="100" ordinal="0" offset="43" sl="295" path="0" offsetend="45" fileid="2" />
                <BranchPoint vc="1" uspid="101" ordinal="1" offset="43" sl="295" path="1" offsetend="55" fileid="2" />
                <BranchPoint vc="1" uspid="102" ordinal="2" offset="67" sl="293" path="0" offsetend="69" fileid="2" />
                <BranchPoint vc="1" uspid="103" ordinal="3" offset="67" sl="293" path="1" offsetend="8" fileid="2" />
              </BranchPoints>
              <MethodPoint xsi:type="SequencePoint" vc="1" uspid="271" ordinal="0" offset="0" sl="292" sc="3" el="292" ec="4" bec="0" bev="0" fileid="2" />
            </Method>
          </Methods>
        </Class>
        <Class>
          <Summary numSequencePoints="131" visitedSequencePoints="58" numBranchPoints="72" visitedBranchPoints="17" sequenceCoverage="44.27" branchCoverage="23.61" maxCyclomaticComplexity="28" minCyclomaticComplexity="1" visitedClasses="1" numClasses="1" visitedMethods="8" numMethods="12" minCrapScore="1" maxCrapScore="313.73" />
          <FullName>Onyx.Html.Parsing.HtmlParser</FullName>
          <Methods>
            <Method visited="true" cyclomaticComplexity="1" nPathComplexity="0" sequenceCoverage="100" branchCoverage="0" isConstructor="false" isStatic="false" isGetter="true" isSetter="false" crapScore="1">
              <Summary numSequencePoints="1" visitedSequencePoints="1" numBranchPoints="1" visitedBranchPoints="0" sequenceCoverage="100" branchCoverage="0" maxCyclomaticComplexity="1" minCyclomaticComplexity="1" visitedClasses="0" numClasses="0" visitedMethods="1" numMethods="1" minCrapScore="1" maxCrapScore="1" />
              <MetadataToken>100663317</MetadataToken>
              <Name>Onyx.Html.Dom.Node Onyx.Html.Parsing.HtmlParser::get_CurrentNode()</Name>
              <FileRef uid="3" />
              <SequencePoints>
                <SequencePoint vc="1" uspid="272" ordinal="0" offset="0" sl="25" sc="11" el="25" ec="25" bec="0" bev="0" fileid="3" />
              </SequencePoints>
              <BranchPoints />
              <MethodPoint xsi:type="SequencePoint" vc="1" uspid="272" ordinal="0" offset="0" sl="25" sc="11" el="25" ec="25" bec="0" bev="0" fileid="3" />
            </Method>
            <Method visited="true" cyclomaticComplexity="1" nPathComplexity="0" sequenceCoverage="100" branchCoverage="0" isConstructor="false" isStatic="false" isGetter="false" isSetter="false" crapScore="1">
              <Summary numSequencePoints="8" visitedSequencePoints="8" numBranchPoints="1" visitedBranchPoints="0" sequenceCoverage="100" branchCoverage="0" maxCyclomaticComplexity="1" minCyclomaticComplexity="1" visitedClasses="0" numClasses="0" visitedMethods="1" numMethods="1" minCrapScore="1" maxCrapScore="1" />
              <MetadataToken>100663318</MetadataToken>
              <Name>Onyx.Html.Dom.DocumentFragment Onyx.Html.Parsing.HtmlParser::Parse(System.String)</Name>
              <FileRef uid="3" />
              <SequencePoints>
                <SequencePoint vc="1" uspid="280" ordinal="0" offset="0" sl="50" sc="3" el="50" ec="4" bec="0" bev="0" fileid="3" />
                <SequencePoint vc="1" uspid="279" ordinal="1" offset="1" sl="51" sc="4" el="51" ec="42" bec="0" bev="0" fileid="3" />
                <SequencePoint vc="1" uspid="278" ordinal="2" offset="14" sl="53" sc="4" el="53" ec="55" bec="0" bev="0" fileid="3" />
                <SequencePoint vc="1" uspid="277" ordinal="3" offset="20" sl="54" sc="4" el="54" ec="23" bec="0" bev="0" fileid="3" />
                <SequencePoint vc="1" uspid="276" ordinal="4" offset="28" sl="56" sc="4" el="56" ec="29" bec="0" bev="0" fileid="3" />
                <SequencePoint vc="1" uspid="275" ordinal="5" offset="37" sl="58" sc="4" el="58" ec="23" bec="0" bev="0" fileid="3" />
                <SequencePoint vc="1" uspid="274" ordinal="6" offset="49" sl="59" sc="4" el="59" ec="20" bec="0" bev="0" fileid="3" />
                <SequencePoint vc="1" uspid="273" ordinal="7" offset="53" sl="60" sc="3" el="60" ec="4" bec="0" bev="0" fileid="3" />
              </SequencePoints>
              <BranchPoints />
              <MethodPoint xsi:type="SequencePoint" vc="1" uspid="280" ordinal="0" offset="0" sl="50" sc="3" el="50" ec="4" bec="0" bev="0" fileid="3" />
            </Method>
            <Method visited="true" cyclomaticComplexity="9" nPathComplexity="128" sequenceCoverage="74.29" branchCoverage="73.33" isConstructor="false" isStatic="false" isGetter="false" isSetter="false" crapScore="10.38">
              <Summary numSequencePoints="35" visitedSequencePoints="26" numBranchPoints="15" visitedBranchPoints="11" sequenceCoverage="74.29" branchCoverage="73.33" maxCyclomaticComplexity="9" minCyclomaticComplexity="9" visitedClasses="0" numClasses="0" visitedMethods="1" numMethods="1" minCrapScore="10.38" maxCrapScore="10.38" />
              <MetadataToken>100663319</MetadataToken>
              <Name>System.Void Onyx.Html.Parsing.HtmlParser::ParseTokens(System.String,Onyx.Html.Parsing.HtmlLexer)</Name>
              <FileRef uid="3" />
              <SequencePoints>
                <SequencePoint vc="1" uspid="315" ordinal="0" offset="0" sl="63" sc="3" el="63" ec="4" bec="0" bev="0" fileid="3" />
                <SequencePoint vc="1" uspid="314" ordinal="1" offset="6" sl="66" sc="4" el="66" ec="5" bec="0" bev="0" fileid="3" />
                <SequencePoint vc="1" uspid="313" ordinal="2" offset="7" sl="67" sc="5" el="67" ec="42" bec="2" bev="2" fileid="3" />
                <SequencePoint vc="1" uspid="312" ordinal="3" offset="20" sl="68" sc="5" el="68" ec="6" bec="0" bev="0" fileid="3" />
                <SequencePoint vc="1" uspid="311" ordinal="4" offset="21" sl="69" sc="6" el="69" ec="50" bec="0" bev="0" fileid="3" />
                <SequencePoint vc="1" uspid="310" ordinal="5" offset="39" sl="70" sc="5" el="70" ec="6" bec="0" bev="0" fileid="3" />
                <SequencePoint vc="1" uspid="309" ordinal="6" offset="45" sl="71" sc="10" el="71" ec="50" bec="2" bev="1" fileid="3" />
                <SequencePoint vc="0" uspid="308" ordinal="7" offset="58" sl="72" sc="5" el="72" ec="6" bec="0" bev="0" fileid="3" />
                <SequencePoint vc="0" uspid="307" ordinal="8" offset="59" sl="73" sc="6" el="73" ec="53" bec="0" bev="0" fileid="3" />
                <SequencePoint vc="0" uspid="306" ordinal="9" offset="77" sl="74" sc="5" el="74" ec="6" bec="0" bev="0" fileid="3" />
                <SequencePoint vc="1" uspid="305" ordinal="10" offset="83" sl="75" sc="10" el="75" ec="51" bec="2" bev="2" fileid="3" />
                <SequencePoint vc="1" uspid="304" ordinal="11" offset="96" sl="76" sc="5" el="76" ec="6" bec="0" bev="0" fileid="3" />
                <SequencePoint vc="1" uspid="303" ordinal="12" offset="97" sl="77" sc="6" el="77" ec="43" bec="0" bev="0" fileid="3" />
                <SequencePoint vc="1" uspid="302" ordinal="13" offset="105" sl="79" sc="6" el="79" ec="40" bec="0" bev="0" fileid="3" />
                <SequencePoint vc="1" uspid="301" ordinal="14" offset="114" sl="81" sc="6" el="82" ec="55" bec="2" bev="1" fileid="3" />
                <SequencePoint vc="0" uspid="300" ordinal="15" offset="157" sl="83" sc="6" el="83" ec="7" bec="0" bev="0" fileid="3" />
                <SequencePoint vc="0" uspid="299" ordinal="16" offset="158" sl="85" sc="7" el="85" ec="40" bec="0" bev="0" fileid="3" />
                <SequencePoint vc="0" uspid="298" ordinal="17" offset="172" sl="86" sc="6" el="86" ec="7" bec="0" bev="0" fileid="3" />
                <SequencePoint vc="1" uspid="297" ordinal="18" offset="175" sl="88" sc="6" el="88" ec="7" bec="0" bev="0" fileid="3" />
                <SequencePoint vc="1" uspid="296" ordinal="19" offset="176" sl="91" sc="7" el="91" ec="25" bec="0" bev="0" fileid="3" />
                <SequencePoint vc="1" uspid="295" ordinal="20" offset="185" sl="92" sc="6" el="92" ec="7" bec="0" bev="0" fileid="3" />
                <SequencePoint vc="1" uspid="294" ordinal="21" offset="186" sl="93" sc="5" el="93" ec="6" bec="0" bev="0" fileid="3" />
                <SequencePoint vc="1" uspid="293" ordinal="22" offset="189" sl="94" sc="10" el="94" ec="49" bec="2" bev="1" fileid="3" />
                <SequencePoint vc="1" uspid="292" ordinal="23" offset="204" sl="95" sc="5" el="95" ec="6" bec="0" bev="0" fileid="3" />
                <SequencePoint vc="1" uspid="291" ordinal="24" offset="205" sl="96" sc="6" el="96" ec="45" bec="2" bev="1" fileid="3" />
                <SequencePoint vc="1" uspid="290" ordinal="25" offset="233" sl="97" sc="6" el="97" ec="7" bec="0" bev="0" fileid="3" />
                <SequencePoint vc="1" uspid="289" ordinal="26" offset="234" sl="99" sc="7" el="99" ec="17" bec="0" bev="0" fileid="3" />
                <SequencePoint vc="1" uspid="288" ordinal="27" offset="241" sl="100" sc="6" el="100" ec="7" bec="0" bev="0" fileid="3" />
[...]
              <Summary numSequencePoints="0" visitedSequencePoints="0" numBranchPoints="0" visitedBranchPoints="0" sequenceCoverage="0" branchCoverage="0" maxCyclomaticComplexity="1" minCyclomaticComplexity="1" visitedClasses="0" numClasses="0" visitedMethods="0" numMethods="0" minCrapScore="2" maxCrapScore="2" />
              <MetadataToken>100663350</MetadataToken>
              <Name>System.Boolean &lt;&gt;z__ReadOnlyArray`1::System.Collections.IList.Contains(System.Object)</Name>
              <SequencePoints />
              <BranchPoints />
              <MethodPoint vc="0" uspid="100663350" ordinal="0" offset="0" />
            </Method>
            <Method visited="false" cyclomaticComplexity="1" nPathComplexity="0" sequenceCoverage="0" branchCoverage="0" isConstructor="false" isStatic="false" isGetter="false" isSetter="false" crapScore="2">
              <Summary numSequencePoints="0" visitedSequencePoints="0" numBranchPoints="0" visitedBranchPoints="0" sequenceCoverage="0" branchCoverage="0" maxCyclomaticComplexity="1" minCyclomaticComplexity="1" visitedClasses="0" numClasses="0" visitedMethods="0" numMethods="0" minCrapScore="2" maxCrapScore="2" />
              <MetadataToken>100663351</MetadataToken>
              <Name>System.Int32 &lt;&gt;z__ReadOnlyArray`1::System.Collections.IList.IndexOf(System.Object)</Name>
              <SequencePoints />
              <BranchPoints />
              <MethodPoint vc="0" uspid="100663351" ordinal="0" offset="0" />
            </Method>
            <Method visited="false" cyclomaticComplexity="1" nPathComplexity="0" sequenceCoverage="0" branchCoverage="0" isConstructor="false" isStatic="false" isGetter="false" isSetter="false" crapScore="2">
              <Summary numSequencePoints="0" visitedSequencePoints="0" numBranchPoints="0" visitedBranchPoints="0" sequenceCoverage="0" branchCoverage="0" maxCyclomaticComplexity="1" minCyclomaticComplexity="1" visitedClasses="0" numClasses="0" visitedMethods="0" numMethods="0" minCrapScore="2" maxCrapScore="2" />
              <MetadataToken>100663352</MetadataToken>
              <Name>System.Void &lt;&gt;z__ReadOnlyArray`1::System.Collections.IList.Insert(System.Int32,System.Object)</Name>
              <SequencePoints />
              <BranchPoints />
              <MethodPoint vc="0" uspid="100663352" ordinal="0" offset="0" />
            </Method>
            <Method visited="false" cyclomaticComplexity="1" nPathComplexity="0" sequenceCoverage="0" branchCoverage="0" isConstructor="false" isStatic="false" isGetter="false" isSetter="false" crapScore="2">
              <Summary numSequencePoints="0" visitedSequencePoints="0" numBranchPoints="0" visitedBranchPoints="0" sequenceCoverage="0" branchCoverage="0" maxCyclomaticComplexity="1" minCyclomaticComplexity="1" visitedClasses="0" numClasses="0" visitedMethods="0" numMethods="0" minCrapScore="2" maxCrapScore="2" />
              <MetadataToken>100663353</MetadataToken>
              <Name>System.Void &lt;&gt;z__ReadOnlyArray`1::System.Collections.IList.Remove(System.Object)</Name>
              <SequencePoints />
              <BranchPoints />
              <MethodPoint vc="0" uspid="100663353" ordinal="0" offset="0" />
            </Method>
            <Method visited="false" cyclomaticComplexity="1" nPathComplexity="0" sequenceCoverage="0" branchCoverage="0" isConstructor="false" isStatic="false" isGetter="false" isSetter="false" crapScore="2">
              <Summary numSequencePoints="0" visitedSequencePoints="0" numBranchPoints="0" visitedBranchPoints="0" sequenceCoverage="0" branchCoverage="0" maxCyclomaticComplexity="1" minCyclomaticComplexity="1" visitedClasses="0" numClasses="0" visitedMethods="0" numMethods="0" minCrapScore="2" maxCrapScore="2" />
              <MetadataToken>100663354</MetadataToken>
              <Name>System.Void &lt;&gt;z__ReadOnlyArray`1::System.Collections.IList.RemoveAt(System.Int32)</Name>
              <SequencePoints />
              <BranchPoints />
              <MethodPoint vc="0" uspid="100663354" ordinal="0" offset="0" />
            </Method>
            <Method visited="true" cyclomaticComplexity="1" nPathComplexity="0" sequenceCoverage="0" branchCoverage="0" isConstructor="false" isStatic="false" isGetter="false" isSetter="false" crapScore="1">
              <Summary numSequencePoints="0" visitedSequencePoints="0" numBranchPoints="0" visitedBranchPoints="0" sequenceCoverage="0" branchCoverage="0" maxCyclomaticComplexity="1" minCyclomaticComplexity="1" visitedClasses="0" numClasses="0" visitedMethods="0" numMethods="0" minCrapScore="1" maxCrapScore="1" />
              <MetadataToken>100663355</MetadataToken>
              <Name>System.Collections.Generic.IEnumerator`1&lt;T&gt; &lt;&gt;z__ReadOnlyArray`1::System.Collections.Generic.IEnumerable&lt;T&gt;.GetEnumerator()</Name>
              <SequencePoints />
              <BranchPoints />
              <MethodPoint vc="1" uspid="100663355" ordinal="0" offset="0" />
            </Method>
            <Method visited="true" cyclomaticComplexity="1" nPathComplexity="0" sequenceCoverage="0" branchCoverage="0" isConstructor="false" isStatic="false" isGetter="true" isSetter="false" crapScore="1">
              <Summary numSequencePoints="0" visitedSequencePoints="0" numBranchPoints="0" visitedBranchPoints="0" sequenceCoverage="0" branchCoverage="0" maxCyclomaticComplexity="1" minCyclomaticComplexity="1" visitedClasses="0" numClasses="0" visitedMethods="0" numMethods="0" minCrapScore="1" maxCrapScore="1" />
              <MetadataToken>100663356</MetadataToken>
              <Name>System.Int32 &lt;&gt;z__ReadOnlyArray`1::System.Collections.Generic.IReadOnlyCollection&lt;T&gt;.get_Count()</Name>
              <SequencePoints />
              <BranchPoints />
              <MethodPoint vc="1" uspid="100663356" ordinal="0" offset="0" />
            </Method>
            <Method visited="false" cyclomaticComplexity="1" nPathComplexity="0" sequenceCoverage="0" branchCoverage="0" isConstructor="false" isStatic="false" isGetter="true" isSetter="false" crapScore="2">
              <Summary numSequencePoints="0" visitedSequencePoints="0" numBranchPoints="0" visitedBranchPoints="0" sequenceCoverage="0" branchCoverage="0" maxCyclomaticComplexity="1" minCyclomaticComplexity="1" visitedClasses="0" numClasses="0" visitedMethods="0" numMethods="0" minCrapScore="2" maxCrapScore="2" />
              <MetadataToken>100663357</MetadataToken>
              <Name>T &lt;&gt;z__ReadOnlyArray`1::System.Collections.Generic.IReadOnlyList&lt;T&gt;.get_Item(System.Int32)</Name>
              <SequencePoints />
              <BranchPoints />
              <MethodPoint vc="0" uspid="100663357" ordinal="0" offset="0" />
            </Method>
            <Method visited="false" cyclomaticComplexity="1" nPathComplexity="0" sequenceCoverage="0" branchCoverage="0" isConstructor="false" isStatic="false" isGetter="true" isSetter="false" crapScore="2">
              <Summary numSequencePoints="0" visitedSequencePoints="0" numBranchPoints="0" visitedBranchPoints="0" sequenceCoverage="0" branchCoverage="0" maxCyclomaticComplexity="1" minCyclomaticComplexity="1" visitedClasses="0" numClasses="0" visitedMethods="0" numMethods="0" minCrapScore="2" maxCrapScore="2" />
              <MetadataToken>100663358</MetadataToken>
              <Name>System.Int32 &lt;&gt;z__ReadOnlyArray`1::System.Collections.Generic.ICollection&lt;T&gt;.get_Count()</Name>
              <SequencePoints />
              <BranchPoints />
              <MethodPoint vc="0" uspid="100663358" ordinal="0" offset="0" />
            </Method>
            <Method visited="false" cyclomaticComplexity="1" nPathComplexity="0" sequenceCoverage="0" branchCoverage="0" isConstructor="false" isStatic="false" isGetter="true" isSetter="false" crapScore="2">
              <Summary numSequencePoints="0" visitedSequencePoints="0" numBranchPoints="0" visitedBranchPoints="0" sequenceCoverage="0" branchCoverage="0" maxCyclomaticComplexity="1" minCyclomaticComplexity="1" visitedClasses="0" numClasses="0" visitedMethods="0" numMethods="0" minCrapScore="2" maxCrapScore="2" />
              <MetadataToken>100663359</MetadataToken>
              <Name>System.Boolean &lt;&gt;z__ReadOnlyArray`1::System.Collections.Generic.ICollection&lt;T&gt;.get_IsReadOnly()</Name>
              <SequencePoints />
              <BranchPoints />
              <MethodPoint vc="0" uspid="100663359" ordinal="0" offset="0" />
            </Method>
            <Method visited="false" cyclomaticComplexity="1" nPathComplexity="0" sequenceCoverage="0" branchCoverage="0" isConstructor="false" isStatic="false" isGetter="false" isSetter="false" crapScore="2">
              <Summary numSequencePoints="0" visitedSequencePoints="0" numBranchPoints="0" visitedBranchPoints="0" sequenceCoverage="0" branchCoverage="0" maxCyclomaticComplexity="1" minCyclomaticComplexity="1" visitedClasses="0" numClasses="0" visitedMethods="0" numMethods="0" minCrapScore="2" maxCrapScore="2" />
              <MetadataToken>100663360</MetadataToken>
              <Name>System.Void &lt;&gt;z__ReadOnlyArray`1::System.Collections.Generic.ICollection&lt;T&gt;.Add(T)</Name>
              <SequencePoints />
              <BranchPoints />
              <MethodPoint vc="0" uspid="100663360" ordinal="0" offset="0" />
            </Method>
            <Method visited="false" cyclomaticComplexity="1" nPathComplexity="0" sequenceCoverage="0" branchCoverage="0" isConstructor="false" isStatic="false" isGetter="false" isSetter="false" crapScore="2">
              <Summary numSequencePoints="0" visitedSequencePoints="0" numBranchPoints="0" visitedBranchPoints="0" sequenceCoverage="0" branchCoverage="0" maxCyclomaticComplexity="1" minCyclomaticComplexity="1" visitedClasses="0" numClasses="0" visitedMethods="0" numMethods="0" minCrapScore="2" maxCrapScore="2" />
              <MetadataToken>100663361</MetadataToken>
              <Name>System.Void &lt;&gt;z__ReadOnlyArray`1::System.Collections.Generic.ICollection&lt;T&gt;.Clear()</Name>
              <SequencePoints />
              <BranchPoints />
              <MethodPoint vc="0" uspid="100663361" ordinal="0" offset="0" />
            </Method>
            <Method visited="false" cyclomaticComplexity="1" nPathComplexity="0" sequenceCoverage="0" branchCoverage="0" isConstructor="false" isStatic="false" isGetter="false" isSetter="false" crapScore="2">
              <Summary numSequencePoints="0" visitedSequencePoints="0" numBranchPoints="0" visitedBranchPoints="0" sequenceCoverage="0" branchCoverage="0" maxCyclomaticComplexity="1" minCyclomaticComplexity="1" visitedClasses="0" numClasses="0" visitedMethods="0" numMethods="0" minCrapScore="2" maxCrapScore="2" />
              <MetadataToken>100663362</MetadataToken>
              <Name>System.Boolean &lt;&gt;z__ReadOnlyArray`1::System.Collections.Generic.ICollection&lt;T&gt;.Contains(T)</Name>
              <SequencePoints />
              <BranchPoints />
              <MethodPoint vc="0" uspid="100663362" ordinal="0" offset="0" />
            </Method>
            <Method visited="false" cyclomaticComplexity="1" nPathComplexity="0" sequenceCoverage="0" branchCoverage="0" isConstructor="false" isStatic="false" isGetter="false" isSetter="false" crapScore="2">
              <Summary numSequencePoints="0" visitedSequencePoints="0" numBranchPoints="0" visitedBranchPoints="0" sequenceCoverage="0" branchCoverage="0" maxCyclomaticComplexity="1" minCyclomaticComplexity="1" visitedClasses="0" numClasses="0" visitedMethods="0" numMethods="0" minCrapScore="2" maxCrapScore="2" />
              <MetadataToken>100663363</MetadataToken>
              <Name>System.Void &lt;&gt;z__ReadOnlyArray`1::System.Collections.Generic.ICollection&lt;T&gt;.CopyTo(T[],System.Int32)</Name>
              <SequencePoints />
              <BranchPoints />
              <MethodPoint vc="0" uspid="100663363" ordinal="0" offset="0" />
            </Method>
            <Method visited="false" cyclomaticComplexity="1" nPathComplexity="0" sequenceCoverage="0" branchCoverage="0" isConstructor="false" isStatic="false" isGetter="false" isSetter="false" crapScore="2">
              <Summary numSequencePoints="0" visitedSequencePoints="0" numBranchPoints="0" visitedBranchPoints="0" sequenceCoverage="0" branchCoverage="0" maxCyclomaticComplexity="1" minCyclomaticComplexity="1" visitedClasses="0" numClasses="0" visitedMethods="0" numMethods="0" minCrapScore="2" maxCrapScore="2" />
              <MetadataToken>100663364</MetadataToken>
              <Name>System.Boolean &lt;&gt;z__ReadOnlyArray`1::System.Collections.Generic.ICollection&lt;T&gt;.Remove(T)</Name>
              <SequencePoints />
              <BranchPoints />
              <MethodPoint vc="0" uspid="100663364" ordinal="0" offset="0" />
            </Method>
            <Method visited="false" cyclomaticComplexity="1" nPathComplexity="0" sequenceCoverage="0" branchCoverage="0" isConstructor="false" isStatic="false" isGetter="true" isSetter="false" crapScore="2">
              <Summary numSequencePoints="0" visitedSequencePoints="0" numBranchPoints="0" visitedBranchPoints="0" sequenceCoverage="0" branchCoverage="0" maxCyclomaticComplexity="1" minCyclomaticComplexity="1" visitedClasses="0" numClasses="0" visitedMethods="0" numMethods="0" minCrapScore="2" maxCrapScore="2" />
              <MetadataToken>100663365</MetadataToken>
              <Name>T &lt;&gt;z__ReadOnlyArray`1::System.Collections.Generic.IList&lt;T&gt;.get_Item(System.Int32)</Name>
              <SequencePoints />
              <BranchPoints />
              <MethodPoint vc="0" uspid="100663365" ordinal="0" offset="0" />
            </Method>
            <Method visited="false" cyclomaticComplexity="1" nPathComplexity="0" sequenceCoverage="0" branchCoverage="0" isConstructor="false" isStatic="false" isGetter="false" isSetter="true" crapScore="2">
              <Summary numSequencePoints="0" visitedSequencePoints="0" numBranchPoints="0" visitedBranchPoints="0" sequenceCoverage="0" branchCoverage="0" maxCyclomaticComplexity="1" minCyclomaticComplexity="1" visitedClasses="0" numClasses="0" visitedMethods="0" numMethods="0" minCrapScore="2" maxCrapScore="2" />
              <MetadataToken>100663366</MetadataToken>
              <Name>System.Void &lt;&gt;z__ReadOnlyArray`1::System.Collections.Generic.IList&lt;T&gt;.set_Item(System.Int32,T)</Name>
              <SequencePoints />
              <BranchPoints />
              <MethodPoint vc="0" uspid="100663366" ordinal="0" offset="0" />
            </Method>
            <Method visited="false" cyclomaticComplexity="1" nPathComplexity="0" sequenceCoverage="0" branchCoverage="0" isConstructor="false" isStatic="false" isGetter="false" isSetter="false" crapScore="2">
              <Summary numSequencePoints="0" visitedSequencePoints="0" numBranchPoints="0" visitedBranchPoints="0" sequenceCoverage="0" branchCoverage="0" maxCyclomaticComplexity="1" minCyclomaticComplexity="1" visitedClasses="0" numClasses="0" visitedMethods="0" numMethods="0" minCrapScore="2" maxCrapScore="2" />
              <MetadataToken>100663367</MetadataToken>
              <Name>System.Int32 &lt;&gt;z__ReadOnlyArray`1::System.Collections.Generic.IList&lt;T&gt;.IndexOf(T)</Name>
              <SequencePoints />
              <BranchPoints />
              <MethodPoint vc="0" uspid="100663367" ordinal="0" offset="0" />
            </Method>
            <Method visited="false" cyclomaticComplexity="1" nPathComplexity="0" sequenceCoverage="0" branchCoverage="0" isConstructor="false" isStatic="false" isGetter="false" isSetter="false" crapScore="2">
              <Summary numSequencePoints="0" visitedSequencePoints="0" numBranchPoints="0" visitedBranchPoints="0" sequenceCoverage="0" branchCoverage="0" maxCyclomaticComplexity="1" minCyclomaticComplexity="1" visitedClasses="0" numClasses="0" visitedMethods="0" numMethods="0" minCrapScore="2" maxCrapScore="2" />
              <MetadataToken>100663368</MetadataToken>
              <Name>System.Void &lt;&gt;z__ReadOnlyArray`1::System.Collections.Generic.IList&lt;T&gt;.Insert(System.Int32,T)</Name>
              <SequencePoints />
              <BranchPoints />
              <MethodPoint vc="0" uspid="100663368" ordinal="0" offset="0" />
            </Method>
            <Method visited="false" cyclomaticComplexity="1" nPathComplexity="0" sequenceCoverage="0" branchCoverage="0" isConstructor="false" isStatic="false" isGetter="false" isSetter="false" crapScore="2">
              <Summary numSequencePoints="0" visitedSequencePoints="0" numBranchPoints="0" visitedBranchPoints="0" sequenceCoverage="0" branchCoverage="0" maxCyclomaticComplexity="1" minCyclomaticComplexity="1" visitedClasses="0" numClasses="0" visitedMethods="0" numMethods="0" minCrapScore="2" maxCrapScore="2" />
              <MetadataToken>100663369</MetadataToken>
              <Name>System.Void &lt;&gt;z__ReadOnlyArray`1::System.Collections.Generic.IList&lt;T&gt;.RemoveAt(System.Int32)</Name>
              <SequencePoints />
              <BranchPoints />
              <MethodPoint vc="0" uspid="100663369" ordinal="0" offset="0" />
            </Method>
          </Methods>
        </Class>
      </Classes>
    </Module>
    <Module skippedDueTo="Filter" hash="E5-79-4D-77-77-1D-0E-5F-CE-8A-60-D8-02-92-CF-9A-EB-45-DA-A0">
      <ModulePath>Z:\Dropbox\prog\Onyx\OnyxTest\bin\Debug\net8.0\Microsoft.Testing.Extensions.VSTestBridge.dll</ModulePath>
      <ModuleTime>2025-06-17T12:16:38Z</ModuleTime>
      <ModuleName>Microsoft.Testing.Extensions.VSTestBridge</ModuleName>
      <Classes />
    </Module>
    <Module skippedDueTo="Filter" hash="1C-77-2A-92-99-FB-28-2B-EE-CB-C4-30-D5-72-1C-4E-11-0A-E4-12">
      <ModulePath>Z:\Dropbox\prog\Onyx\OnyxTest\bin\Debug\net8.0\Microsoft.TestPlatform.Utilities.dll</ModulePath>
      <ModuleTime>2025-06-02T12:00:42Z</ModuleTime>
      <ModuleName>Microsoft.TestPlatform.Utilities</ModuleName>
      <Classes />
    </Module>
    <Module skippedDueTo="Filter" hash="B9-3F-FE-F6-1E-DC-B7-F8-12-7C-D4-6C-09-77-51-31-BE-DA-36-EE">
      <ModulePath>Z:\Dropbox\prog\Onyx\OnyxTest\bin\Debug\net8.0\NUnit3.TestAdapter.dll</ModulePath>
      <ModuleTime>2025-08-10T11:35:02Z</ModuleTime>
      <ModuleName>NUnit3.TestAdapter</ModuleName>
      <Classes />
    </Module>
    <Module skippedDueTo="Filter" hash="C0-D0-33-71-99-41-98-31-ED-F6-68-DA-EF-90-53-FA-C3-39-CC-3F">
      <ModulePath>Z:\Dropbox\prog\Onyx\OnyxTest\bin\Debug\net8.0\Microsoft.VisualStudio.TestPlatform.Common.dll</ModulePath>
      <ModuleTime>2025-06-02T12:00:46Z</ModuleTime>
      <ModuleName>Microsoft.VisualStudio.TestPlatform.Common</ModuleName>
      <Classes />
    </Module>
    <Module skippedDueTo="Filter" hash="4D-E8-50-AC-2D-97-20-35-DC-13-76-29-C4-A2-91-1F-AC-42-D4-12">
      <ModulePath>Z:\Dropbox\prog\Onyx\OnyxTest\bin\Debug\net8.0\Microsoft.TestPlatform.CommunicationUtilities.dll</ModulePath>
      <ModuleTime>2025-06-02T12:00:48Z</ModuleTime>
      <ModuleName>Microsoft.TestPlatform.CommunicationUtilities</ModuleName>
      <Classes />
    </Module>
    <Module skippedDueTo="Filter" hash="27-C9-EE-7B-12-24-37-62-A2-52-80-24-7F-F2-BE-14-E7-10-FC-C2">
      <ModulePath>Z:\Dropbox\prog\Onyx\OnyxTest\bin\Debug\net8.0\Microsoft.TestPlatform.CrossPlatEngine.dll</ModulePath>
      <ModuleTime>2025-06-02T12:00:52Z</ModuleTime>
      <ModuleName>Microsoft.TestPlatform.CrossPlatEngine</ModuleName>
      <Classes />
    </Module>
    <Module skippedDueTo="Filter" hash="8F-7A-8F-28-1E-DD-6F-77-20-2F-7E-17-1C-0F-B1-F9-CB-E8-79-6A">
      <ModulePath>Z:\Dropbox\prog\Onyx\OnyxTest\bin\Debug\net8.0\testhost.dll</ModulePath>
      <ModuleTime>2025-06-02T12:00:54Z</ModuleTime>
      <ModuleName>testhost</ModuleName>
      <Classes />
    </Module>
  </Modules>
</CoverageSession>